2025-06-23 13:44:16 [::1][-][us6m79ca25o6qkl6cga0fjpk39][error][yii\web\HttpException:400] yii\web\BadRequestHttpException: Wrong verify email token. in C:\xampp\htdocs\university-portal-system\frontend\controllers\SiteController.php:228
Stack trace:
#0 [internal function]: frontend\controllers\SiteController->actionVerifyEmail('3DnYJ14mbSv-EWe...')
#1 C:\xampp\htdocs\university-portal-system\vendor\yiisoft\yii2\base\InlineAction.php(57): call_user_func_array(Array, Array)
#2 C:\xampp\htdocs\university-portal-system\vendor\yiisoft\yii2\base\Controller.php(178): yii\base\InlineAction->runWithParams(Array)
#3 C:\xampp\htdocs\university-portal-system\vendor\yiisoft\yii2\base\Module.php(552): yii\base\Controller->runAction('verify-email', Array)
#4 C:\xampp\htdocs\university-portal-system\vendor\yiisoft\yii2\web\Application.php(103): yii\base\Module->runAction('site/verify-ema...', Array)
#5 C:\xampp\htdocs\university-portal-system\vendor\yiisoft\yii2\base\Application.php(384): yii\web\Application->handleRequest(Object(yii\web\Request))
#6 C:\xampp\htdocs\university-portal-system\frontend\web\index.php(18): yii\base\Application->run()
#7 {main}
2025-06-23 13:44:16 [::1][-][us6m79ca25o6qkl6cga0fjpk39][info][application] $_GET = [
    'token' => '3DnYJ14mbSv-EWeARniz_g-uKIt50WQP-c_=1750674038--pI03VxMJ'
]

$_POST = []

$_FILES = []

$_COOKIE = [
    'advanced-frontend' => 'us6m79ca25o6qkl6cga0fjpk39'
    '_csrf-frontend' => '670de9de56aeacaeae7b6b91e870e16d0d6d2dcbbe1bc3984cb193fe74c497bfa:2:{i:0;s:14:\"_csrf-frontend\";i:1;s:32:\"QrlBYIXGKiy41eTLSxCWnojTCFQ7tVoA\";}'
    'advanced-backend' => '3hdjm29ntl82l1o28i7uh4pj9i'
    '_csrf-backend' => 'fc9c854df8c844f6fa8588d8074f946502f03d4d7134e9e5cc5dc4e40b49ea5ea:2:{i:0;s:13:\"_csrf-backend\";i:1;s:32:\"OActL5Vi7zYWc3N3NsKznM2gAwG9ZqJn\";}'
]

$_SESSION = [
    '__flash' => []
]

$_SERVER = [
    'DOCUMENT_ROOT' => 'C:\\xampp\\htdocs\\university-portal-system\\frontend\\web'
    'REMOTE_ADDR' => '::1'
    'REMOTE_PORT' => '61088'
    'SERVER_SOFTWARE' => 'PHP 8.2.12 Development Server'
    'SERVER_PROTOCOL' => 'HTTP/1.1'
    'SERVER_NAME' => 'localhost'
    'SERVER_PORT' => '8080'
    'REQUEST_URI' => '/site/verify-email?token=3DnYJ14mbSv-EWeARniz_g-uKIt50WQP-c_=1750674038--pI03VxMJ'
    'REQUEST_METHOD' => 'GET'
    'SCRIPT_NAME' => '/index.php'
    'SCRIPT_FILENAME' => 'C:\\xampp\\htdocs\\university-portal-system\\frontend\\web\\index.php'
    'PATH_INFO' => '/site/verify-email'
    'PHP_SELF' => '/index.php/site/verify-email'
    'QUERY_STRING' => 'token=3DnYJ14mbSv-EWeARniz_g-uKIt50WQP-c_=1750674038--pI03VxMJ'
    'HTTP_HOST' => 'localhost:8080'
    'HTTP_CONNECTION' => 'keep-alive'
    'HTTP_SEC_CH_UA' => '\"Microsoft Edge\";v=\"137\", \"Chromium\";v=\"137\", \"Not/A)Brand\";v=\"24\"'
    'HTTP_SEC_CH_UA_MOBILE' => '?0'
    'HTTP_SEC_CH_UA_PLATFORM' => '\"Windows\"'
    'HTTP_DNT' => '1'
    'HTTP_UPGRADE_INSECURE_REQUESTS' => '1'
    'HTTP_USER_AGENT' => 'Mozilla/5.0 (Windows NT 10.0; Win64; x64) AppleWebKit/537.36 (KHTML, like Gecko) Chrome/137.0.0.0 Safari/537.36 Edg/137.0.0.0'
    'HTTP_ACCEPT' => 'text/html,application/xhtml+xml,application/xml;q=0.9,image/avif,image/webp,image/apng,*/*;q=0.8,application/signed-exchange;v=b3;q=0.7'
    'HTTP_SEC_FETCH_SITE' => 'none'
    'HTTP_SEC_FETCH_MODE' => 'navigate'
    'HTTP_SEC_FETCH_USER' => '?1'
    'HTTP_SEC_FETCH_DEST' => 'document'
    'HTTP_ACCEPT_ENCODING' => 'gzip, deflate, br, zstd'
    'HTTP_ACCEPT_LANGUAGE' => 'en-US,en;q=0.9,ar;q=0.8'
    'HTTP_COOKIE' => 'advanced-frontend=us6m79ca25o6qkl6cga0fjpk39; _csrf-frontend=670de9de56aeacaeae7b6b91e870e16d0d6d2dcbbe1bc3984cb193fe74c497bfa%3A2%3A%7Bi%3A0%3Bs%3A14%3A%22_csrf-frontend%22%3Bi%3A1%3Bs%3A32%3A%22QrlBYIXGKiy41eTLSxCWnojTCFQ7tVoA%22%3B%7D; advanced-backend=3hdjm29ntl82l1o28i7uh4pj9i; _csrf-backend=fc9c854df8c844f6fa8588d8074f946502f03d4d7134e9e5cc5dc4e40b49ea5ea%3A2%3A%7Bi%3A0%3Bs%3A13%3A%22_csrf-backend%22%3Bi%3A1%3Bs%3A32%3A%22OActL5Vi7zYWc3N3NsKznM2gAwG9ZqJn%22%3B%7D'
    'REQUEST_TIME_FLOAT' => 1750679056.1706
    'REQUEST_TIME' => 1750679056
]
2025-06-23 14:35:15 [::1][-][6phbdou2v4v0fpf6oukbpev60s][error][yii\db\IntegrityException] PDOException: SQLSTATE[23000]: Integrity constraint violation: 1048 Column 'role' cannot be null in C:\xampp\htdocs\university-portal-system\vendor\yiisoft\yii2\db\Command.php:1320
Stack trace:
#0 C:\xampp\htdocs\university-portal-system\vendor\yiisoft\yii2\db\Command.php(1320): PDOStatement->execute()
#1 C:\xampp\htdocs\university-portal-system\vendor\yiisoft\yii2\db\Command.php(1120): yii\db\Command->internalExecute('INSERT INTO `us...')
#2 C:\xampp\htdocs\university-portal-system\vendor\yiisoft\yii2\db\Schema.php(431): yii\db\Command->execute()
#3 C:\xampp\htdocs\university-portal-system\vendor\yiisoft\yii2\db\ActiveRecord.php(604): yii\db\Schema->insert('{{%user}}', Array)
#4 C:\xampp\htdocs\university-portal-system\vendor\yiisoft\yii2\db\ActiveRecord.php(570): yii\db\ActiveRecord->insertInternal(NULL)
#5 C:\xampp\htdocs\university-portal-system\vendor\yiisoft\yii2\db\BaseActiveRecord.php(688): yii\db\ActiveRecord->insert(true, NULL)
#6 C:\xampp\htdocs\university-portal-system\frontend\models\SignupForm.php(64): yii\db\BaseActiveRecord->save()
#7 C:\xampp\htdocs\university-portal-system\frontend\controllers\SiteController.php(157): frontend\models\SignupForm->signup()
#8 [internal function]: frontend\controllers\SiteController->actionSignup()
#9 C:\xampp\htdocs\university-portal-system\vendor\yiisoft\yii2\base\InlineAction.php(57): call_user_func_array(Array, Array)
#10 C:\xampp\htdocs\university-portal-system\vendor\yiisoft\yii2\base\Controller.php(178): yii\base\InlineAction->runWithParams(Array)
#11 C:\xampp\htdocs\university-portal-system\vendor\yiisoft\yii2\base\Module.php(552): yii\base\Controller->runAction('signup', Array)
#12 C:\xampp\htdocs\university-portal-system\vendor\yiisoft\yii2\web\Application.php(103): yii\base\Module->runAction('site/signup', Array)
#13 C:\xampp\htdocs\university-portal-system\vendor\yiisoft\yii2\base\Application.php(384): yii\web\Application->handleRequest(Object(yii\web\Request))
#14 C:\xampp\htdocs\university-portal-system\frontend\web\index.php(18): yii\base\Application->run()
#15 {main}

Next yii\db\IntegrityException: SQLSTATE[23000]: Integrity constraint violation: 1048 Column 'role' cannot be null
The SQL being executed was: INSERT INTO `user` (`username`, `email`, `password_hash`, `auth_key`, `verification_token`, `status`, `role`, `created_at`, `updated_at`) VALUES ('Mahmoud', 'mahmoudsabersd.12345@gmail.com', '$2y$13$ComYuuHC1IZ5b2AGl8yrHuDID35yiOUc77cUMbldj8EfLBAzILJXO', 'Y3mGrVZNim84TaxYhVDgAIZYaMVNg0s7', '01fKvm0rSCwSKjCX4x8wJgz7w4J8oLxn_1750682115', 10, NULL, 1750682115, 1750682115) in C:\xampp\htdocs\university-portal-system\vendor\yiisoft\yii2\db\Schema.php:676
Stack trace:
#0 C:\xampp\htdocs\university-portal-system\vendor\yiisoft\yii2\db\Command.php(1325): yii\db\Schema->convertException(Object(PDOException), 'INSERT INTO `us...')
#1 C:\xampp\htdocs\university-portal-system\vendor\yiisoft\yii2\db\Command.php(1120): yii\db\Command->internalExecute('INSERT INTO `us...')
#2 C:\xampp\htdocs\university-portal-system\vendor\yiisoft\yii2\db\Schema.php(431): yii\db\Command->execute()
#3 C:\xampp\htdocs\university-portal-system\vendor\yiisoft\yii2\db\ActiveRecord.php(604): yii\db\Schema->insert('{{%user}}', Array)
#4 C:\xampp\htdocs\university-portal-system\vendor\yiisoft\yii2\db\ActiveRecord.php(570): yii\db\ActiveRecord->insertInternal(NULL)
#5 C:\xampp\htdocs\university-portal-system\vendor\yiisoft\yii2\db\BaseActiveRecord.php(688): yii\db\ActiveRecord->insert(true, NULL)
#6 C:\xampp\htdocs\university-portal-system\frontend\models\SignupForm.php(64): yii\db\BaseActiveRecord->save()
#7 C:\xampp\htdocs\university-portal-system\frontend\controllers\SiteController.php(157): frontend\models\SignupForm->signup()
#8 [internal function]: frontend\controllers\SiteController->actionSignup()
#9 C:\xampp\htdocs\university-portal-system\vendor\yiisoft\yii2\base\InlineAction.php(57): call_user_func_array(Array, Array)
#10 C:\xampp\htdocs\university-portal-system\vendor\yiisoft\yii2\base\Controller.php(178): yii\base\InlineAction->runWithParams(Array)
#11 C:\xampp\htdocs\university-portal-system\vendor\yiisoft\yii2\base\Module.php(552): yii\base\Controller->runAction('signup', Array)
#12 C:\xampp\htdocs\university-portal-system\vendor\yiisoft\yii2\web\Application.php(103): yii\base\Module->runAction('site/signup', Array)
#13 C:\xampp\htdocs\university-portal-system\vendor\yiisoft\yii2\base\Application.php(384): yii\web\Application->handleRequest(Object(yii\web\Request))
#14 C:\xampp\htdocs\university-portal-system\frontend\web\index.php(18): yii\base\Application->run()
#15 {main}
Additional Information:
Array
(
    [0] => 23000
    [1] => 1048
    [2] => Column 'role' cannot be null
)

2025-06-23 14:35:14 [::1][-][6phbdou2v4v0fpf6oukbpev60s][info][application] $_GET = []

$_POST = [
    '_csrf-frontend' => 'pNqxyUDgcRFoii1QDlQQl02mDXWqZLykXfo9YBmrsfHx79CveYI_fwXQXBNUO3jROuJ3FOQc288zqWwoSOqCgQ=='
    'SignupForm' => [
        'username' => 'Mahmoud'
        'email' => 'mahmoudsabersd.12345@gmail.com'
        'password' => '12345678'
        'role' => 'student'
    ]
    'signup-button' => ''
]

$_FILES = []

$_COOKIE = [
    'advanced-backend' => '3hdjm29ntl82l1o28i7uh4pj9i'
    '_csrf-backend' => 'fc9c854df8c844f6fa8588d8074f946502f03d4d7134e9e5cc5dc4e40b49ea5ea:2:{i:0;s:13:\"_csrf-backend\";i:1;s:32:\"OActL5Vi7zYWc3N3NsKznM2gAwG9ZqJn\";}'
    '_csrf-frontend' => '70a101d82fde3f2f6880fe42cfe61cc3bf3323e20787ed51029ad0ca3d569517a:2:{i:0;s:14:\"_csrf-frontend\";i:1;s:32:\"U5af9bNnmZqCZohFwDzaNxgknSQHQA3p\";}'
    'advanced-frontend' => '6phbdou2v4v0fpf6oukbpev60s'
]

$_SESSION = [
    '__flash' => []
]

$_SERVER = [
    'DOCUMENT_ROOT' => 'C:\\xampp\\htdocs\\university-portal-system\\frontend\\web'
    'REMOTE_ADDR' => '::1'
    'REMOTE_PORT' => '61658'
    'SERVER_SOFTWARE' => 'PHP 8.2.12 Development Server'
    'SERVER_PROTOCOL' => 'HTTP/1.1'
    'SERVER_NAME' => 'localhost'
    'SERVER_PORT' => '8080'
    'REQUEST_URI' => '/site/signup'
    'REQUEST_METHOD' => 'POST'
    'SCRIPT_NAME' => '/index.php'
    'SCRIPT_FILENAME' => 'C:\\xampp\\htdocs\\university-portal-system\\frontend\\web\\index.php'
    'PATH_INFO' => '/site/signup'
    'PHP_SELF' => '/index.php/site/signup'
    'HTTP_HOST' => 'localhost:8080'
    'HTTP_CONNECTION' => 'keep-alive'
    'CONTENT_LENGTH' => '273'
    'HTTP_CONTENT_LENGTH' => '273'
    'HTTP_CACHE_CONTROL' => 'max-age=0'
    'HTTP_SEC_CH_UA' => '\"Microsoft Edge\";v=\"137\", \"Chromium\";v=\"137\", \"Not/A)Brand\";v=\"24\"'
    'HTTP_SEC_CH_UA_MOBILE' => '?0'
    'HTTP_SEC_CH_UA_PLATFORM' => '\"Windows\"'
    'HTTP_ORIGIN' => 'http://localhost:8080'
    'HTTP_DNT' => '1'
    'HTTP_UPGRADE_INSECURE_REQUESTS' => '1'
    'CONTENT_TYPE' => 'application/x-www-form-urlencoded'
    'HTTP_CONTENT_TYPE' => 'application/x-www-form-urlencoded'
    'HTTP_USER_AGENT' => 'Mozilla/5.0 (Windows NT 10.0; Win64; x64) AppleWebKit/537.36 (KHTML, like Gecko) Chrome/137.0.0.0 Safari/537.36 Edg/137.0.0.0'
    'HTTP_ACCEPT' => 'text/html,application/xhtml+xml,application/xml;q=0.9,image/avif,image/webp,image/apng,*/*;q=0.8,application/signed-exchange;v=b3;q=0.7'
    'HTTP_SEC_FETCH_SITE' => 'same-origin'
    'HTTP_SEC_FETCH_MODE' => 'navigate'
    'HTTP_SEC_FETCH_USER' => '?1'
    'HTTP_SEC_FETCH_DEST' => 'document'
    'HTTP_REFERER' => 'http://localhost:8080/site/signup'
    'HTTP_ACCEPT_ENCODING' => 'gzip, deflate, br, zstd'
    'HTTP_ACCEPT_LANGUAGE' => 'en-US,en;q=0.9,ar;q=0.8'
    'HTTP_COOKIE' => 'advanced-backend=3hdjm29ntl82l1o28i7uh4pj9i; _csrf-backend=fc9c854df8c844f6fa8588d8074f946502f03d4d7134e9e5cc5dc4e40b49ea5ea%3A2%3A%7Bi%3A0%3Bs%3A13%3A%22_csrf-backend%22%3Bi%3A1%3Bs%3A32%3A%22OActL5Vi7zYWc3N3NsKznM2gAwG9ZqJn%22%3B%7D; _csrf-frontend=70a101d82fde3f2f6880fe42cfe61cc3bf3323e20787ed51029ad0ca3d569517a%3A2%3A%7Bi%3A0%3Bs%3A14%3A%22_csrf-frontend%22%3Bi%3A1%3Bs%3A32%3A%22U5af9bNnmZqCZohFwDzaNxgknSQHQA3p%22%3B%7D; advanced-frontend=6phbdou2v4v0fpf6oukbpev60s'
    'REQUEST_TIME_FLOAT' => 1750682114.5616
    'REQUEST_TIME' => 1750682114
]
2025-06-23 14:58:39 [::1][7][p0ud24s31qelaq77dpeac1h93o][error][yii\web\HttpException:404] yii\base\InvalidRouteException: Unable to resolve the request "dashboard". in C:\xampp\htdocs\university-portal-system\vendor\yiisoft\yii2\base\Module.php:561
Stack trace:
#0 C:\xampp\htdocs\university-portal-system\vendor\yiisoft\yii2\web\Application.php(103): yii\base\Module->runAction('dashboard', Array)
#1 C:\xampp\htdocs\university-portal-system\vendor\yiisoft\yii2\base\Application.php(384): yii\web\Application->handleRequest(Object(yii\web\Request))
#2 C:\xampp\htdocs\university-portal-system\frontend\web\index.php(18): yii\base\Application->run()
#3 {main}

Next yii\web\NotFoundHttpException: Page not found. in C:\xampp\htdocs\university-portal-system\vendor\yiisoft\yii2\web\Application.php:115
Stack trace:
#0 C:\xampp\htdocs\university-portal-system\vendor\yiisoft\yii2\base\Application.php(384): yii\web\Application->handleRequest(Object(yii\web\Request))
#1 C:\xampp\htdocs\university-portal-system\frontend\web\index.php(18): yii\base\Application->run()
#2 {main}
2025-06-23 14:58:39 [::1][7][p0ud24s31qelaq77dpeac1h93o][info][application] $_GET = []

$_POST = []

$_FILES = []

$_COOKIE = [
    'advanced-frontend' => 'p0ud24s31qelaq77dpeac1h93o'
    '_identity-frontend' => '63f35351caee6ff926e564f87213cd464d25333debae254d334219a90810c721a:2:{i:0;s:18:\"_identity-frontend\";i:1;s:46:\"[7,\"IK3jE4mmq_j21SEaXsjiI2zo9spN5xse\",2592000]\";}'
    '_csrf-frontend' => '9e3feee5e5196b2a23891c243d238d1688a0fab89c529b474da94acf3a6dbd48a:2:{i:0;s:14:\"_csrf-frontend\";i:1;s:32:\"gk7a4MJGEV7b1u-WZxyxGYPmrvRqU8z9\";}'
]

$_SESSION = [
    '__flash' => []
    '__id' => 7
    '__authKey' => 'IK3jE4mmq_j21SEaXsjiI2zo9spN5xse'
]

$_SERVER = [
    'DOCUMENT_ROOT' => 'C:\\xampp\\htdocs\\university-portal-system\\frontend\\web'
    'REMOTE_ADDR' => '::1'
    'REMOTE_PORT' => '61996'
    'SERVER_SOFTWARE' => 'PHP 8.2.12 Development Server'
    'SERVER_PROTOCOL' => 'HTTP/1.1'
    'SERVER_NAME' => 'localhost'
    'SERVER_PORT' => '8080'
    'REQUEST_URI' => '/dashboard'
    'REQUEST_METHOD' => 'GET'
    'SCRIPT_NAME' => '/index.php'
    'SCRIPT_FILENAME' => 'C:\\xampp\\htdocs\\university-portal-system\\frontend\\web\\index.php'
    'PATH_INFO' => '/dashboard'
    'PHP_SELF' => '/index.php/dashboard'
    'HTTP_HOST' => 'localhost:8080'
    'HTTP_CONNECTION' => 'keep-alive'
    'HTTP_SEC_CH_UA' => '\"Microsoft Edge\";v=\"137\", \"Chromium\";v=\"137\", \"Not/A)Brand\";v=\"24\"'
    'HTTP_SEC_CH_UA_MOBILE' => '?0'
    'HTTP_SEC_CH_UA_PLATFORM' => '\"Windows\"'
    'HTTP_DNT' => '1'
    'HTTP_UPGRADE_INSECURE_REQUESTS' => '1'
    'HTTP_USER_AGENT' => 'Mozilla/5.0 (Windows NT 10.0; Win64; x64) AppleWebKit/537.36 (KHTML, like Gecko) Chrome/137.0.0.0 Safari/537.36 Edg/137.0.0.0'
    'HTTP_ACCEPT' => 'text/html,application/xhtml+xml,application/xml;q=0.9,image/avif,image/webp,image/apng,*/*;q=0.8,application/signed-exchange;v=b3;q=0.7'
    'HTTP_SEC_FETCH_SITE' => 'none'
    'HTTP_SEC_FETCH_MODE' => 'navigate'
    'HTTP_SEC_FETCH_USER' => '?1'
    'HTTP_SEC_FETCH_DEST' => 'document'
    'HTTP_ACCEPT_ENCODING' => 'gzip, deflate, br, zstd'
    'HTTP_ACCEPT_LANGUAGE' => 'en-US,en;q=0.9,ar;q=0.8'
    'HTTP_COOKIE' => 'advanced-frontend=p0ud24s31qelaq77dpeac1h93o; _identity-frontend=63f35351caee6ff926e564f87213cd464d25333debae254d334219a90810c721a%3A2%3A%7Bi%3A0%3Bs%3A18%3A%22_identity-frontend%22%3Bi%3A1%3Bs%3A46%3A%22%5B7%2C%22IK3jE4mmq_j21SEaXsjiI2zo9spN5xse%22%2C2592000%5D%22%3B%7D; _csrf-frontend=9e3feee5e5196b2a23891c243d238d1688a0fab89c529b474da94acf3a6dbd48a%3A2%3A%7Bi%3A0%3Bs%3A14%3A%22_csrf-frontend%22%3Bi%3A1%3Bs%3A32%3A%22gk7a4MJGEV7b1u-WZxyxGYPmrvRqU8z9%22%3B%7D'
    'REQUEST_TIME_FLOAT' => 1750683519.6558
    'REQUEST_TIME' => 1750683519
]
2025-06-23 15:01:17 [::1][7][p0ud24s31qelaq77dpeac1h93o][error][yii\web\HttpException:404] yii\base\InvalidRouteException: Unable to resolve the request "dashboard". in C:\xampp\htdocs\university-portal-system\vendor\yiisoft\yii2\base\Module.php:561
Stack trace:
#0 C:\xampp\htdocs\university-portal-system\vendor\yiisoft\yii2\web\Application.php(103): yii\base\Module->runAction('dashboard', Array)
#1 C:\xampp\htdocs\university-portal-system\vendor\yiisoft\yii2\base\Application.php(384): yii\web\Application->handleRequest(Object(yii\web\Request))
#2 C:\xampp\htdocs\university-portal-system\frontend\web\index.php(18): yii\base\Application->run()
#3 {main}

Next yii\web\NotFoundHttpException: Page not found. in C:\xampp\htdocs\university-portal-system\vendor\yiisoft\yii2\web\Application.php:115
Stack trace:
#0 C:\xampp\htdocs\university-portal-system\vendor\yiisoft\yii2\base\Application.php(384): yii\web\Application->handleRequest(Object(yii\web\Request))
#1 C:\xampp\htdocs\university-portal-system\frontend\web\index.php(18): yii\base\Application->run()
#2 {main}
2025-06-23 15:01:16 [::1][7][p0ud24s31qelaq77dpeac1h93o][info][application] $_GET = []

$_POST = []

$_FILES = []

$_COOKIE = [
    'advanced-frontend' => 'p0ud24s31qelaq77dpeac1h93o'
    '_identity-frontend' => '63f35351caee6ff926e564f87213cd464d25333debae254d334219a90810c721a:2:{i:0;s:18:\"_identity-frontend\";i:1;s:46:\"[7,\"IK3jE4mmq_j21SEaXsjiI2zo9spN5xse\",2592000]\";}'
    '_csrf-frontend' => '9e3feee5e5196b2a23891c243d238d1688a0fab89c529b474da94acf3a6dbd48a:2:{i:0;s:14:\"_csrf-frontend\";i:1;s:32:\"gk7a4MJGEV7b1u-WZxyxGYPmrvRqU8z9\";}'
]

$_SESSION = [
    '__flash' => []
    '__id' => 7
    '__authKey' => 'IK3jE4mmq_j21SEaXsjiI2zo9spN5xse'
]

$_SERVER = [
    'DOCUMENT_ROOT' => 'C:\\xampp\\htdocs\\university-portal-system\\frontend\\web'
    'REMOTE_ADDR' => '::1'
    'REMOTE_PORT' => '62021'
    'SERVER_SOFTWARE' => 'PHP 8.2.12 Development Server'
    'SERVER_PROTOCOL' => 'HTTP/1.1'
    'SERVER_NAME' => 'localhost'
    'SERVER_PORT' => '8080'
    'REQUEST_URI' => '/dashboard'
    'REQUEST_METHOD' => 'GET'
    'SCRIPT_NAME' => '/index.php'
    'SCRIPT_FILENAME' => 'C:\\xampp\\htdocs\\university-portal-system\\frontend\\web\\index.php'
    'PATH_INFO' => '/dashboard'
    'PHP_SELF' => '/index.php/dashboard'
    'HTTP_HOST' => 'localhost:8080'
    'HTTP_CONNECTION' => 'keep-alive'
    'HTTP_CACHE_CONTROL' => 'max-age=0'
    'HTTP_SEC_CH_UA' => '\"Microsoft Edge\";v=\"137\", \"Chromium\";v=\"137\", \"Not/A)Brand\";v=\"24\"'
    'HTTP_SEC_CH_UA_MOBILE' => '?0'
    'HTTP_SEC_CH_UA_PLATFORM' => '\"Windows\"'
    'HTTP_DNT' => '1'
    'HTTP_UPGRADE_INSECURE_REQUESTS' => '1'
    'HTTP_USER_AGENT' => 'Mozilla/5.0 (Windows NT 10.0; Win64; x64) AppleWebKit/537.36 (KHTML, like Gecko) Chrome/137.0.0.0 Safari/537.36 Edg/137.0.0.0'
    'HTTP_ACCEPT' => 'text/html,application/xhtml+xml,application/xml;q=0.9,image/avif,image/webp,image/apng,*/*;q=0.8,application/signed-exchange;v=b3;q=0.7'
    'HTTP_SEC_FETCH_SITE' => 'none'
    'HTTP_SEC_FETCH_MODE' => 'navigate'
    'HTTP_SEC_FETCH_USER' => '?1'
    'HTTP_SEC_FETCH_DEST' => 'document'
    'HTTP_ACCEPT_ENCODING' => 'gzip, deflate, br, zstd'
    'HTTP_ACCEPT_LANGUAGE' => 'en-US,en;q=0.9,ar;q=0.8'
    'HTTP_COOKIE' => 'advanced-frontend=p0ud24s31qelaq77dpeac1h93o; _identity-frontend=63f35351caee6ff926e564f87213cd464d25333debae254d334219a90810c721a%3A2%3A%7Bi%3A0%3Bs%3A18%3A%22_identity-frontend%22%3Bi%3A1%3Bs%3A46%3A%22%5B7%2C%22IK3jE4mmq_j21SEaXsjiI2zo9spN5xse%22%2C2592000%5D%22%3B%7D; _csrf-frontend=9e3feee5e5196b2a23891c243d238d1688a0fab89c529b474da94acf3a6dbd48a%3A2%3A%7Bi%3A0%3Bs%3A14%3A%22_csrf-frontend%22%3Bi%3A1%3Bs%3A32%3A%22gk7a4MJGEV7b1u-WZxyxGYPmrvRqU8z9%22%3B%7D'
    'REQUEST_TIME_FLOAT' => 1750683676.9664
    'REQUEST_TIME' => 1750683676
]
2025-06-23 15:31:50 [::1][7][ki1r2tenhh15rdf4kpij9hg0p4][error][yii\web\HttpException:404] yii\base\InvalidRouteException: Unable to resolve the request "site/dashboard/index". in C:\xampp\htdocs\university-portal-system\vendor\yiisoft\yii2\base\Module.php:561
Stack trace:
#0 C:\xampp\htdocs\university-portal-system\vendor\yiisoft\yii2\web\Application.php(103): yii\base\Module->runAction('site/dashboard/...', Array)
#1 C:\xampp\htdocs\university-portal-system\vendor\yiisoft\yii2\base\Application.php(384): yii\web\Application->handleRequest(Object(yii\web\Request))
#2 C:\xampp\htdocs\university-portal-system\frontend\web\index.php(18): yii\base\Application->run()
#3 {main}

Next yii\web\NotFoundHttpException: Page not found. in C:\xampp\htdocs\university-portal-system\vendor\yiisoft\yii2\web\Application.php:115
Stack trace:
#0 C:\xampp\htdocs\university-portal-system\vendor\yiisoft\yii2\base\Application.php(384): yii\web\Application->handleRequest(Object(yii\web\Request))
#1 C:\xampp\htdocs\university-portal-system\frontend\web\index.php(18): yii\base\Application->run()
#2 {main}
2025-06-23 15:31:50 [::1][7][ki1r2tenhh15rdf4kpij9hg0p4][info][application] $_GET = []

$_POST = []

$_FILES = []

$_COOKIE = [
    'advanced-frontend' => 'ki1r2tenhh15rdf4kpij9hg0p4'
    '_identity-frontend' => '63f35351caee6ff926e564f87213cd464d25333debae254d334219a90810c721a:2:{i:0;s:18:\"_identity-frontend\";i:1;s:46:\"[7,\"IK3jE4mmq_j21SEaXsjiI2zo9spN5xse\",2592000]\";}'
    '_csrf-frontend' => '2f59450b2b1f0f8779c478efc64f5764d416bd5ca1a7d177fd94fd14bd1a379ea:2:{i:0;s:14:\"_csrf-frontend\";i:1;s:32:\"JnRPR88zwSLsLcwqe2Hja58afK0eJnwc\";}'
]

$_SESSION = [
    '__flash' => []
    '__id' => 7
    '__authKey' => 'IK3jE4mmq_j21SEaXsjiI2zo9spN5xse'
]

$_SERVER = [
    'DOCUMENT_ROOT' => 'C:\\xampp\\htdocs\\university-portal-system\\frontend\\web'
    'REMOTE_ADDR' => '::1'
    'REMOTE_PORT' => '62293'
    'SERVER_SOFTWARE' => 'PHP 8.2.12 Development Server'
    'SERVER_PROTOCOL' => 'HTTP/1.1'
    'SERVER_NAME' => 'localhost'
    'SERVER_PORT' => '8080'
    'REQUEST_URI' => '/site/dashboard/index'
    'REQUEST_METHOD' => 'GET'
    'SCRIPT_NAME' => '/index.php'
    'SCRIPT_FILENAME' => 'C:\\xampp\\htdocs\\university-portal-system\\frontend\\web\\index.php'
    'PATH_INFO' => '/site/dashboard/index'
    'PHP_SELF' => '/index.php/site/dashboard/index'
    'HTTP_HOST' => 'localhost:8080'
    'HTTP_CONNECTION' => 'keep-alive'
    'HTTP_SEC_CH_UA' => '\"Microsoft Edge\";v=\"137\", \"Chromium\";v=\"137\", \"Not/A)Brand\";v=\"24\"'
    'HTTP_SEC_CH_UA_MOBILE' => '?0'
    'HTTP_SEC_CH_UA_PLATFORM' => '\"Windows\"'
    'HTTP_DNT' => '1'
    'HTTP_UPGRADE_INSECURE_REQUESTS' => '1'
    'HTTP_USER_AGENT' => 'Mozilla/5.0 (Windows NT 10.0; Win64; x64) AppleWebKit/537.36 (KHTML, like Gecko) Chrome/137.0.0.0 Safari/537.36 Edg/137.0.0.0'
    'HTTP_ACCEPT' => 'text/html,application/xhtml+xml,application/xml;q=0.9,image/avif,image/webp,image/apng,*/*;q=0.8,application/signed-exchange;v=b3;q=0.7'
    'HTTP_SEC_FETCH_SITE' => 'none'
    'HTTP_SEC_FETCH_MODE' => 'navigate'
    'HTTP_SEC_FETCH_USER' => '?1'
    'HTTP_SEC_FETCH_DEST' => 'document'
    'HTTP_ACCEPT_ENCODING' => 'gzip, deflate, br, zstd'
    'HTTP_ACCEPT_LANGUAGE' => 'en-US,en;q=0.9,ar;q=0.8'
    'HTTP_COOKIE' => 'advanced-frontend=ki1r2tenhh15rdf4kpij9hg0p4; _identity-frontend=63f35351caee6ff926e564f87213cd464d25333debae254d334219a90810c721a%3A2%3A%7Bi%3A0%3Bs%3A18%3A%22_identity-frontend%22%3Bi%3A1%3Bs%3A46%3A%22%5B7%2C%22IK3jE4mmq_j21SEaXsjiI2zo9spN5xse%22%2C2592000%5D%22%3B%7D; _csrf-frontend=2f59450b2b1f0f8779c478efc64f5764d416bd5ca1a7d177fd94fd14bd1a379ea%3A2%3A%7Bi%3A0%3Bs%3A14%3A%22_csrf-frontend%22%3Bi%3A1%3Bs%3A32%3A%22JnRPR88zwSLsLcwqe2Hja58afK0eJnwc%22%3B%7D'
    'REQUEST_TIME_FLOAT' => 1750685510.0964
    'REQUEST_TIME' => 1750685510
]
2025-06-23 15:32:25 [::1][7][ki1r2tenhh15rdf4kpij9hg0p4][error][yii\web\HttpException:404] yii\base\InvalidRouteException: Unable to resolve the request "site/dashboard/index_teacher". in C:\xampp\htdocs\university-portal-system\vendor\yiisoft\yii2\base\Module.php:561
Stack trace:
#0 C:\xampp\htdocs\university-portal-system\vendor\yiisoft\yii2\web\Application.php(103): yii\base\Module->runAction('site/dashboard/...', Array)
#1 C:\xampp\htdocs\university-portal-system\vendor\yiisoft\yii2\base\Application.php(384): yii\web\Application->handleRequest(Object(yii\web\Request))
#2 C:\xampp\htdocs\university-portal-system\frontend\web\index.php(18): yii\base\Application->run()
#3 {main}

Next yii\web\NotFoundHttpException: Page not found. in C:\xampp\htdocs\university-portal-system\vendor\yiisoft\yii2\web\Application.php:115
Stack trace:
#0 C:\xampp\htdocs\university-portal-system\vendor\yiisoft\yii2\base\Application.php(384): yii\web\Application->handleRequest(Object(yii\web\Request))
#1 C:\xampp\htdocs\university-portal-system\frontend\web\index.php(18): yii\base\Application->run()
#2 {main}
2025-06-23 15:32:25 [::1][7][ki1r2tenhh15rdf4kpij9hg0p4][info][application] $_GET = []

$_POST = []

$_FILES = []

$_COOKIE = [
    'advanced-frontend' => 'ki1r2tenhh15rdf4kpij9hg0p4'
    '_identity-frontend' => '63f35351caee6ff926e564f87213cd464d25333debae254d334219a90810c721a:2:{i:0;s:18:\"_identity-frontend\";i:1;s:46:\"[7,\"IK3jE4mmq_j21SEaXsjiI2zo9spN5xse\",2592000]\";}'
    '_csrf-frontend' => '2f59450b2b1f0f8779c478efc64f5764d416bd5ca1a7d177fd94fd14bd1a379ea:2:{i:0;s:14:\"_csrf-frontend\";i:1;s:32:\"JnRPR88zwSLsLcwqe2Hja58afK0eJnwc\";}'
]

$_SESSION = [
    '__flash' => []
    '__id' => 7
    '__authKey' => 'IK3jE4mmq_j21SEaXsjiI2zo9spN5xse'
]

$_SERVER = [
    'DOCUMENT_ROOT' => 'C:\\xampp\\htdocs\\university-portal-system\\frontend\\web'
    'REMOTE_ADDR' => '::1'
    'REMOTE_PORT' => '62303'
    'SERVER_SOFTWARE' => 'PHP 8.2.12 Development Server'
    'SERVER_PROTOCOL' => 'HTTP/1.1'
    'SERVER_NAME' => 'localhost'
    'SERVER_PORT' => '8080'
    'REQUEST_URI' => '/site/dashboard/index_teacher'
    'REQUEST_METHOD' => 'GET'
    'SCRIPT_NAME' => '/index.php'
    'SCRIPT_FILENAME' => 'C:\\xampp\\htdocs\\university-portal-system\\frontend\\web\\index.php'
    'PATH_INFO' => '/site/dashboard/index_teacher'
    'PHP_SELF' => '/index.php/site/dashboard/index_teacher'
    'HTTP_HOST' => 'localhost:8080'
    'HTTP_CONNECTION' => 'keep-alive'
    'HTTP_SEC_CH_UA' => '\"Microsoft Edge\";v=\"137\", \"Chromium\";v=\"137\", \"Not/A)Brand\";v=\"24\"'
    'HTTP_SEC_CH_UA_MOBILE' => '?0'
    'HTTP_SEC_CH_UA_PLATFORM' => '\"Windows\"'
    'HTTP_DNT' => '1'
    'HTTP_UPGRADE_INSECURE_REQUESTS' => '1'
    'HTTP_USER_AGENT' => 'Mozilla/5.0 (Windows NT 10.0; Win64; x64) AppleWebKit/537.36 (KHTML, like Gecko) Chrome/137.0.0.0 Safari/537.36 Edg/137.0.0.0'
    'HTTP_ACCEPT' => 'text/html,application/xhtml+xml,application/xml;q=0.9,image/avif,image/webp,image/apng,*/*;q=0.8,application/signed-exchange;v=b3;q=0.7'
    'HTTP_SEC_FETCH_SITE' => 'none'
    'HTTP_SEC_FETCH_MODE' => 'navigate'
    'HTTP_SEC_FETCH_USER' => '?1'
    'HTTP_SEC_FETCH_DEST' => 'document'
    'HTTP_ACCEPT_ENCODING' => 'gzip, deflate, br, zstd'
    'HTTP_ACCEPT_LANGUAGE' => 'en-US,en;q=0.9,ar;q=0.8'
    'HTTP_COOKIE' => 'advanced-frontend=ki1r2tenhh15rdf4kpij9hg0p4; _identity-frontend=63f35351caee6ff926e564f87213cd464d25333debae254d334219a90810c721a%3A2%3A%7Bi%3A0%3Bs%3A18%3A%22_identity-frontend%22%3Bi%3A1%3Bs%3A46%3A%22%5B7%2C%22IK3jE4mmq_j21SEaXsjiI2zo9spN5xse%22%2C2592000%5D%22%3B%7D; _csrf-frontend=2f59450b2b1f0f8779c478efc64f5764d416bd5ca1a7d177fd94fd14bd1a379ea%3A2%3A%7Bi%3A0%3Bs%3A14%3A%22_csrf-frontend%22%3Bi%3A1%3Bs%3A32%3A%22JnRPR88zwSLsLcwqe2Hja58afK0eJnwc%22%3B%7D'
    'REQUEST_TIME_FLOAT' => 1750685545.1698
    'REQUEST_TIME' => 1750685545
]
2025-06-23 15:32:55 [::1][7][ki1r2tenhh15rdf4kpij9hg0p4][error][yii\web\HttpException:404] yii\base\InvalidRouteException: Unable to resolve the request "teacher/index_teacher". in C:\xampp\htdocs\university-portal-system\vendor\yiisoft\yii2\base\Module.php:561
Stack trace:
#0 C:\xampp\htdocs\university-portal-system\vendor\yiisoft\yii2\web\Application.php(103): yii\base\Module->runAction('teacher/index_t...', Array)
#1 C:\xampp\htdocs\university-portal-system\vendor\yiisoft\yii2\base\Application.php(384): yii\web\Application->handleRequest(Object(yii\web\Request))
#2 C:\xampp\htdocs\university-portal-system\frontend\web\index.php(18): yii\base\Application->run()
#3 {main}

Next yii\web\NotFoundHttpException: Page not found. in C:\xampp\htdocs\university-portal-system\vendor\yiisoft\yii2\web\Application.php:115
Stack trace:
#0 C:\xampp\htdocs\university-portal-system\vendor\yiisoft\yii2\base\Application.php(384): yii\web\Application->handleRequest(Object(yii\web\Request))
#1 C:\xampp\htdocs\university-portal-system\frontend\web\index.php(18): yii\base\Application->run()
#2 {main}
2025-06-23 15:32:55 [::1][7][ki1r2tenhh15rdf4kpij9hg0p4][info][application] $_GET = []

$_POST = []

$_FILES = []

$_COOKIE = [
    'advanced-frontend' => 'ki1r2tenhh15rdf4kpij9hg0p4'
    '_identity-frontend' => '63f35351caee6ff926e564f87213cd464d25333debae254d334219a90810c721a:2:{i:0;s:18:\"_identity-frontend\";i:1;s:46:\"[7,\"IK3jE4mmq_j21SEaXsjiI2zo9spN5xse\",2592000]\";}'
    '_csrf-frontend' => '2f59450b2b1f0f8779c478efc64f5764d416bd5ca1a7d177fd94fd14bd1a379ea:2:{i:0;s:14:\"_csrf-frontend\";i:1;s:32:\"JnRPR88zwSLsLcwqe2Hja58afK0eJnwc\";}'
]

$_SESSION = [
    '__flash' => []
    '__id' => 7
    '__authKey' => 'IK3jE4mmq_j21SEaXsjiI2zo9spN5xse'
]

$_SERVER = [
    'DOCUMENT_ROOT' => 'C:\\xampp\\htdocs\\university-portal-system\\frontend\\web'
    'REMOTE_ADDR' => '::1'
    'REMOTE_PORT' => '62314'
    'SERVER_SOFTWARE' => 'PHP 8.2.12 Development Server'
    'SERVER_PROTOCOL' => 'HTTP/1.1'
    'SERVER_NAME' => 'localhost'
    'SERVER_PORT' => '8080'
    'REQUEST_URI' => '/teacher/index_teacher'
    'REQUEST_METHOD' => 'GET'
    'SCRIPT_NAME' => '/index.php'
    'SCRIPT_FILENAME' => 'C:\\xampp\\htdocs\\university-portal-system\\frontend\\web\\index.php'
    'PATH_INFO' => '/teacher/index_teacher'
    'PHP_SELF' => '/index.php/teacher/index_teacher'
    'HTTP_HOST' => 'localhost:8080'
    'HTTP_CONNECTION' => 'keep-alive'
    'HTTP_SEC_CH_UA' => '\"Microsoft Edge\";v=\"137\", \"Chromium\";v=\"137\", \"Not/A)Brand\";v=\"24\"'
    'HTTP_SEC_CH_UA_MOBILE' => '?0'
    'HTTP_SEC_CH_UA_PLATFORM' => '\"Windows\"'
    'HTTP_DNT' => '1'
    'HTTP_UPGRADE_INSECURE_REQUESTS' => '1'
    'HTTP_USER_AGENT' => 'Mozilla/5.0 (Windows NT 10.0; Win64; x64) AppleWebKit/537.36 (KHTML, like Gecko) Chrome/137.0.0.0 Safari/537.36 Edg/137.0.0.0'
    'HTTP_ACCEPT' => 'text/html,application/xhtml+xml,application/xml;q=0.9,image/avif,image/webp,image/apng,*/*;q=0.8,application/signed-exchange;v=b3;q=0.7'
    'HTTP_SEC_FETCH_SITE' => 'none'
    'HTTP_SEC_FETCH_MODE' => 'navigate'
    'HTTP_SEC_FETCH_USER' => '?1'
    'HTTP_SEC_FETCH_DEST' => 'document'
    'HTTP_ACCEPT_ENCODING' => 'gzip, deflate, br, zstd'
    'HTTP_ACCEPT_LANGUAGE' => 'en-US,en;q=0.9,ar;q=0.8'
    'HTTP_COOKIE' => 'advanced-frontend=ki1r2tenhh15rdf4kpij9hg0p4; _identity-frontend=63f35351caee6ff926e564f87213cd464d25333debae254d334219a90810c721a%3A2%3A%7Bi%3A0%3Bs%3A18%3A%22_identity-frontend%22%3Bi%3A1%3Bs%3A46%3A%22%5B7%2C%22IK3jE4mmq_j21SEaXsjiI2zo9spN5xse%22%2C2592000%5D%22%3B%7D; _csrf-frontend=2f59450b2b1f0f8779c478efc64f5764d416bd5ca1a7d177fd94fd14bd1a379ea%3A2%3A%7Bi%3A0%3Bs%3A14%3A%22_csrf-frontend%22%3Bi%3A1%3Bs%3A32%3A%22JnRPR88zwSLsLcwqe2Hja58afK0eJnwc%22%3B%7D'
    'REQUEST_TIME_FLOAT' => 1750685575.138
    'REQUEST_TIME' => 1750685575
]
2025-06-23 15:34:39 [::1][7][ki1r2tenhh15rdf4kpij9hg0p4][error][yii\web\HttpException:404] yii\base\InvalidRouteException: Unable to resolve the request "teacher/dashboard". in C:\xampp\htdocs\university-portal-system\vendor\yiisoft\yii2\base\Module.php:561
Stack trace:
#0 C:\xampp\htdocs\university-portal-system\vendor\yiisoft\yii2\web\Application.php(103): yii\base\Module->runAction('teacher/dashboa...', Array)
#1 C:\xampp\htdocs\university-portal-system\vendor\yiisoft\yii2\base\Application.php(384): yii\web\Application->handleRequest(Object(yii\web\Request))
#2 C:\xampp\htdocs\university-portal-system\frontend\web\index.php(18): yii\base\Application->run()
#3 {main}

Next yii\web\NotFoundHttpException: Page not found. in C:\xampp\htdocs\university-portal-system\vendor\yiisoft\yii2\web\Application.php:115
Stack trace:
#0 C:\xampp\htdocs\university-portal-system\vendor\yiisoft\yii2\base\Application.php(384): yii\web\Application->handleRequest(Object(yii\web\Request))
#1 C:\xampp\htdocs\university-portal-system\frontend\web\index.php(18): yii\base\Application->run()
#2 {main}
2025-06-23 15:34:39 [::1][7][ki1r2tenhh15rdf4kpij9hg0p4][info][application] $_GET = []

$_POST = []

$_FILES = []

$_COOKIE = [
    'advanced-frontend' => 'ki1r2tenhh15rdf4kpij9hg0p4'
    '_identity-frontend' => '63f35351caee6ff926e564f87213cd464d25333debae254d334219a90810c721a:2:{i:0;s:18:\"_identity-frontend\";i:1;s:46:\"[7,\"IK3jE4mmq_j21SEaXsjiI2zo9spN5xse\",2592000]\";}'
    '_csrf-frontend' => '2f59450b2b1f0f8779c478efc64f5764d416bd5ca1a7d177fd94fd14bd1a379ea:2:{i:0;s:14:\"_csrf-frontend\";i:1;s:32:\"JnRPR88zwSLsLcwqe2Hja58afK0eJnwc\";}'
]

$_SESSION = [
    '__flash' => []
    '__id' => 7
    '__authKey' => 'IK3jE4mmq_j21SEaXsjiI2zo9spN5xse'
]

$_SERVER = [
    'DOCUMENT_ROOT' => 'C:\\xampp\\htdocs\\university-portal-system\\frontend\\web'
    'REMOTE_ADDR' => '::1'
    'REMOTE_PORT' => '62338'
    'SERVER_SOFTWARE' => 'PHP 8.2.12 Development Server'
    'SERVER_PROTOCOL' => 'HTTP/1.1'
    'SERVER_NAME' => 'localhost'
    'SERVER_PORT' => '8080'
    'REQUEST_URI' => '/teacher/dashboard'
    'REQUEST_METHOD' => 'GET'
    'SCRIPT_NAME' => '/index.php'
    'SCRIPT_FILENAME' => 'C:\\xampp\\htdocs\\university-portal-system\\frontend\\web\\index.php'
    'PATH_INFO' => '/teacher/dashboard'
    'PHP_SELF' => '/index.php/teacher/dashboard'
    'HTTP_HOST' => 'localhost:8080'
    'HTTP_CONNECTION' => 'keep-alive'
    'HTTP_SEC_CH_UA' => '\"Microsoft Edge\";v=\"137\", \"Chromium\";v=\"137\", \"Not/A)Brand\";v=\"24\"'
    'HTTP_SEC_CH_UA_MOBILE' => '?0'
    'HTTP_SEC_CH_UA_PLATFORM' => '\"Windows\"'
    'HTTP_DNT' => '1'
    'HTTP_UPGRADE_INSECURE_REQUESTS' => '1'
    'HTTP_USER_AGENT' => 'Mozilla/5.0 (Windows NT 10.0; Win64; x64) AppleWebKit/537.36 (KHTML, like Gecko) Chrome/137.0.0.0 Safari/537.36 Edg/137.0.0.0'
    'HTTP_ACCEPT' => 'text/html,application/xhtml+xml,application/xml;q=0.9,image/avif,image/webp,image/apng,*/*;q=0.8,application/signed-exchange;v=b3;q=0.7'
    'HTTP_SEC_FETCH_SITE' => 'none'
    'HTTP_SEC_FETCH_MODE' => 'navigate'
    'HTTP_SEC_FETCH_USER' => '?1'
    'HTTP_SEC_FETCH_DEST' => 'document'
    'HTTP_ACCEPT_ENCODING' => 'gzip, deflate, br, zstd'
    'HTTP_ACCEPT_LANGUAGE' => 'en-US,en;q=0.9,ar;q=0.8'
    'HTTP_COOKIE' => 'advanced-frontend=ki1r2tenhh15rdf4kpij9hg0p4; _identity-frontend=63f35351caee6ff926e564f87213cd464d25333debae254d334219a90810c721a%3A2%3A%7Bi%3A0%3Bs%3A18%3A%22_identity-frontend%22%3Bi%3A1%3Bs%3A46%3A%22%5B7%2C%22IK3jE4mmq_j21SEaXsjiI2zo9spN5xse%22%2C2592000%5D%22%3B%7D; _csrf-frontend=2f59450b2b1f0f8779c478efc64f5764d416bd5ca1a7d177fd94fd14bd1a379ea%3A2%3A%7Bi%3A0%3Bs%3A14%3A%22_csrf-frontend%22%3Bi%3A1%3Bs%3A32%3A%22JnRPR88zwSLsLcwqe2Hja58afK0eJnwc%22%3B%7D'
    'REQUEST_TIME_FLOAT' => 1750685679.1287
    'REQUEST_TIME' => 1750685679
]
2025-06-23 15:41:50 [::1][8][721ckhorht3sfo6l4pcf80tin2][error][yii\web\HttpException:404] yii\base\InvalidRouteException: Unable to resolve the request "student/dashboard". in C:\xampp\htdocs\university-portal-system\vendor\yiisoft\yii2\base\Module.php:561
Stack trace:
#0 C:\xampp\htdocs\university-portal-system\vendor\yiisoft\yii2\web\Application.php(103): yii\base\Module->runAction('student/dashboa...', Array)
#1 C:\xampp\htdocs\university-portal-system\vendor\yiisoft\yii2\base\Application.php(384): yii\web\Application->handleRequest(Object(yii\web\Request))
#2 C:\xampp\htdocs\university-portal-system\frontend\web\index.php(18): yii\base\Application->run()
#3 {main}

Next yii\web\NotFoundHttpException: Page not found. in C:\xampp\htdocs\university-portal-system\vendor\yiisoft\yii2\web\Application.php:115
Stack trace:
#0 C:\xampp\htdocs\university-portal-system\vendor\yiisoft\yii2\base\Application.php(384): yii\web\Application->handleRequest(Object(yii\web\Request))
#1 C:\xampp\htdocs\university-portal-system\frontend\web\index.php(18): yii\base\Application->run()
#2 {main}
2025-06-23 15:41:50 [::1][8][721ckhorht3sfo6l4pcf80tin2][info][application] $_GET = []

$_POST = []

$_FILES = []

$_COOKIE = [
    'advanced-frontend' => '721ckhorht3sfo6l4pcf80tin2'
    '_identity-frontend' => 'a94ca4a7052a8f9634b0a528f2fb104b750e1caf22071bf1af929840338027eca:2:{i:0;s:18:\"_identity-frontend\";i:1;s:46:\"[8,\"GBoi-ILWRMlIM86rcgvakEIv92oVYLzu\",2592000]\";}'
    '_csrf-frontend' => '0792ae7d5661a000b76d2bcbc858e264e844f562a9b6a06af1b872f02b666f34a:2:{i:0;s:14:\"_csrf-frontend\";i:1;s:32:\"Y4RejFo3v2jaIz3u5gDbwgpWuRITsE_A\";}'
]

$_SESSION = [
    '__flash' => []
    '__id' => 8
    '__authKey' => 'GBoi-ILWRMlIM86rcgvakEIv92oVYLzu'
]

$_SERVER = [
    'DOCUMENT_ROOT' => 'C:\\xampp\\htdocs\\university-portal-system\\frontend\\web'
    'REMOTE_ADDR' => '::1'
    'REMOTE_PORT' => '62495'
    'SERVER_SOFTWARE' => 'PHP 8.2.12 Development Server'
    'SERVER_PROTOCOL' => 'HTTP/1.1'
    'SERVER_NAME' => 'localhost'
    'SERVER_PORT' => '8080'
    'REQUEST_URI' => '/student/dashboard'
    'REQUEST_METHOD' => 'GET'
    'SCRIPT_NAME' => '/index.php'
    'SCRIPT_FILENAME' => 'C:\\xampp\\htdocs\\university-portal-system\\frontend\\web\\index.php'
    'PATH_INFO' => '/student/dashboard'
    'PHP_SELF' => '/index.php/student/dashboard'
    'HTTP_HOST' => 'localhost:8080'
    'HTTP_CONNECTION' => 'keep-alive'
    'HTTP_SEC_CH_UA' => '\"Microsoft Edge\";v=\"137\", \"Chromium\";v=\"137\", \"Not/A)Brand\";v=\"24\"'
    'HTTP_SEC_CH_UA_MOBILE' => '?0'
    'HTTP_SEC_CH_UA_PLATFORM' => '\"Windows\"'
    'HTTP_DNT' => '1'
    'HTTP_UPGRADE_INSECURE_REQUESTS' => '1'
    'HTTP_USER_AGENT' => 'Mozilla/5.0 (Windows NT 10.0; Win64; x64) AppleWebKit/537.36 (KHTML, like Gecko) Chrome/137.0.0.0 Safari/537.36 Edg/137.0.0.0'
    'HTTP_ACCEPT' => 'text/html,application/xhtml+xml,application/xml;q=0.9,image/avif,image/webp,image/apng,*/*;q=0.8,application/signed-exchange;v=b3;q=0.7'
    'HTTP_SEC_FETCH_SITE' => 'none'
    'HTTP_SEC_FETCH_MODE' => 'navigate'
    'HTTP_SEC_FETCH_USER' => '?1'
    'HTTP_SEC_FETCH_DEST' => 'document'
    'HTTP_ACCEPT_ENCODING' => 'gzip, deflate, br, zstd'
    'HTTP_ACCEPT_LANGUAGE' => 'en-US,en;q=0.9,ar;q=0.8'
    'HTTP_COOKIE' => 'advanced-frontend=721ckhorht3sfo6l4pcf80tin2; _identity-frontend=a94ca4a7052a8f9634b0a528f2fb104b750e1caf22071bf1af929840338027eca%3A2%3A%7Bi%3A0%3Bs%3A18%3A%22_identity-frontend%22%3Bi%3A1%3Bs%3A46%3A%22%5B8%2C%22GBoi-ILWRMlIM86rcgvakEIv92oVYLzu%22%2C2592000%5D%22%3B%7D; _csrf-frontend=0792ae7d5661a000b76d2bcbc858e264e844f562a9b6a06af1b872f02b666f34a%3A2%3A%7Bi%3A0%3Bs%3A14%3A%22_csrf-frontend%22%3Bi%3A1%3Bs%3A32%3A%22Y4RejFo3v2jaIz3u5gDbwgpWuRITsE_A%22%3B%7D'
    'REQUEST_TIME_FLOAT' => 1750686110.54
    'REQUEST_TIME' => 1750686110
]
2025-06-23 15:49:19 [::1][9][gu59il4t5lr1n3hu2icppl34hg][error][yii\web\HttpException:404] yii\base\InvalidRouteException: Unable to resolve the request "index". in C:\xampp\htdocs\university-portal-system\vendor\yiisoft\yii2\base\Module.php:561
Stack trace:
#0 C:\xampp\htdocs\university-portal-system\vendor\yiisoft\yii2\web\Application.php(103): yii\base\Module->runAction('index', Array)
#1 C:\xampp\htdocs\university-portal-system\vendor\yiisoft\yii2\base\Application.php(384): yii\web\Application->handleRequest(Object(yii\web\Request))
#2 C:\xampp\htdocs\university-portal-system\frontend\web\index.php(18): yii\base\Application->run()
#3 {main}

Next yii\web\NotFoundHttpException: Page not found. in C:\xampp\htdocs\university-portal-system\vendor\yiisoft\yii2\web\Application.php:115
Stack trace:
#0 C:\xampp\htdocs\university-portal-system\vendor\yiisoft\yii2\base\Application.php(384): yii\web\Application->handleRequest(Object(yii\web\Request))
#1 C:\xampp\htdocs\university-portal-system\frontend\web\index.php(18): yii\base\Application->run()
#2 {main}
2025-06-23 15:49:19 [::1][9][gu59il4t5lr1n3hu2icppl34hg][info][application] $_GET = []

$_POST = []

$_FILES = []

$_COOKIE = [
    'advanced-frontend' => 'gu59il4t5lr1n3hu2icppl34hg'
    '_identity-frontend' => 'a3ebad04d28fc4fafdaaa407f858d2210cf9c2ec7212f9cc34b6fe7088ca2be8a:2:{i:0;s:18:\"_identity-frontend\";i:1;s:46:\"[9,\"7xnLbdW8YypCzF_uA4dUXvzlcLODlx5r\",2592000]\";}'
    '_csrf-frontend' => '09f18d1c49e9c970f97df0b86bcea4fc977b5fbafe27c47c1c3284a1d0241e1fa:2:{i:0;s:14:\"_csrf-frontend\";i:1;s:32:\"5fUVsJDgghgMrXCJeCi5pLBPQAqgaQL7\";}'
]

$_SESSION = [
    '__flash' => []
    '__id' => 9
    '__authKey' => '7xnLbdW8YypCzF_uA4dUXvzlcLODlx5r'
]

$_SERVER = [
    'DOCUMENT_ROOT' => 'C:\\xampp\\htdocs\\university-portal-system\\frontend\\web'
    'REMOTE_ADDR' => '::1'
    'REMOTE_PORT' => '62600'
    'SERVER_SOFTWARE' => 'PHP 8.2.12 Development Server'
    'SERVER_PROTOCOL' => 'HTTP/1.1'
    'SERVER_NAME' => 'localhost'
    'SERVER_PORT' => '8080'
    'REQUEST_URI' => '/index'
    'REQUEST_METHOD' => 'GET'
    'SCRIPT_NAME' => '/index.php'
    'SCRIPT_FILENAME' => 'C:\\xampp\\htdocs\\university-portal-system\\frontend\\web\\index.php'
    'PATH_INFO' => '/index'
    'PHP_SELF' => '/index.php/index'
    'HTTP_HOST' => 'localhost:8080'
    'HTTP_CONNECTION' => 'keep-alive'
    'HTTP_SEC_CH_UA' => '\"Microsoft Edge\";v=\"137\", \"Chromium\";v=\"137\", \"Not/A)Brand\";v=\"24\"'
    'HTTP_SEC_CH_UA_MOBILE' => '?0'
    'HTTP_SEC_CH_UA_PLATFORM' => '\"Windows\"'
    'HTTP_DNT' => '1'
    'HTTP_UPGRADE_INSECURE_REQUESTS' => '1'
    'HTTP_USER_AGENT' => 'Mozilla/5.0 (Windows NT 10.0; Win64; x64) AppleWebKit/537.36 (KHTML, like Gecko) Chrome/137.0.0.0 Safari/537.36 Edg/137.0.0.0'
    'HTTP_ACCEPT' => 'text/html,application/xhtml+xml,application/xml;q=0.9,image/avif,image/webp,image/apng,*/*;q=0.8,application/signed-exchange;v=b3;q=0.7'
    'HTTP_SEC_FETCH_SITE' => 'none'
    'HTTP_SEC_FETCH_MODE' => 'navigate'
    'HTTP_SEC_FETCH_USER' => '?1'
    'HTTP_SEC_FETCH_DEST' => 'document'
    'HTTP_ACCEPT_ENCODING' => 'gzip, deflate, br, zstd'
    'HTTP_ACCEPT_LANGUAGE' => 'en-US,en;q=0.9,ar;q=0.8'
    'HTTP_COOKIE' => 'advanced-frontend=gu59il4t5lr1n3hu2icppl34hg; _identity-frontend=a3ebad04d28fc4fafdaaa407f858d2210cf9c2ec7212f9cc34b6fe7088ca2be8a%3A2%3A%7Bi%3A0%3Bs%3A18%3A%22_identity-frontend%22%3Bi%3A1%3Bs%3A46%3A%22%5B9%2C%227xnLbdW8YypCzF_uA4dUXvzlcLODlx5r%22%2C2592000%5D%22%3B%7D; _csrf-frontend=09f18d1c49e9c970f97df0b86bcea4fc977b5fbafe27c47c1c3284a1d0241e1fa%3A2%3A%7Bi%3A0%3Bs%3A14%3A%22_csrf-frontend%22%3Bi%3A1%3Bs%3A32%3A%225fUVsJDgghgMrXCJeCi5pLBPQAqgaQL7%22%3B%7D'
    'REQUEST_TIME_FLOAT' => 1750686559.7366
    'REQUEST_TIME' => 1750686559
]
2025-06-23 16:37:22 [::1][9][sjppiuec34rgsocoo17h8v441b][error][yii\web\HttpException:404] yii\base\InvalidRouteException: Unable to resolve the request "student/dashboard". in C:\xampp\htdocs\university-portal-system\vendor\yiisoft\yii2\base\Module.php:561
Stack trace:
#0 C:\xampp\htdocs\university-portal-system\vendor\yiisoft\yii2\web\Application.php(103): yii\base\Module->runAction('student/dashboa...', Array)
#1 C:\xampp\htdocs\university-portal-system\vendor\yiisoft\yii2\base\Application.php(384): yii\web\Application->handleRequest(Object(yii\web\Request))
#2 C:\xampp\htdocs\university-portal-system\frontend\web\index.php(18): yii\base\Application->run()
#3 {main}

Next yii\web\NotFoundHttpException: Page not found. in C:\xampp\htdocs\university-portal-system\vendor\yiisoft\yii2\web\Application.php:115
Stack trace:
#0 C:\xampp\htdocs\university-portal-system\vendor\yiisoft\yii2\base\Application.php(384): yii\web\Application->handleRequest(Object(yii\web\Request))
#1 C:\xampp\htdocs\university-portal-system\frontend\web\index.php(18): yii\base\Application->run()
#2 {main}
2025-06-23 16:37:22 [::1][9][sjppiuec34rgsocoo17h8v441b][info][application] $_GET = []

$_POST = []

$_FILES = []

$_COOKIE = [
    'advanced-frontend' => 'sjppiuec34rgsocoo17h8v441b'
    '_identity-frontend' => 'a3ebad04d28fc4fafdaaa407f858d2210cf9c2ec7212f9cc34b6fe7088ca2be8a:2:{i:0;s:18:\"_identity-frontend\";i:1;s:46:\"[9,\"7xnLbdW8YypCzF_uA4dUXvzlcLODlx5r\",2592000]\";}'
    '_csrf-frontend' => '85270978c9053b9a64fe2b8cbbede56864cb4ebce8b4aabe583b79fc87fbfbd2a:2:{i:0;s:14:\"_csrf-frontend\";i:1;s:32:\"oo6rhPec3bZ7brGaVzI5bm8mwWoS14Tx\";}'
]

$_SESSION = [
    '__flash' => []
    '__id' => 9
    '__authKey' => '7xnLbdW8YypCzF_uA4dUXvzlcLODlx5r'
]

$_SERVER = [
    'DOCUMENT_ROOT' => 'C:\\xampp\\htdocs\\university-portal-system\\frontend\\web'
    'REMOTE_ADDR' => '::1'
    'REMOTE_PORT' => '63077'
    'SERVER_SOFTWARE' => 'PHP 8.2.12 Development Server'
    'SERVER_PROTOCOL' => 'HTTP/1.1'
    'SERVER_NAME' => 'localhost'
    'SERVER_PORT' => '8080'
    'REQUEST_URI' => '/student/dashboard'
    'REQUEST_METHOD' => 'GET'
    'SCRIPT_NAME' => '/index.php'
    'SCRIPT_FILENAME' => 'C:\\xampp\\htdocs\\university-portal-system\\frontend\\web\\index.php'
    'PATH_INFO' => '/student/dashboard'
    'PHP_SELF' => '/index.php/student/dashboard'
    'HTTP_HOST' => 'localhost:8080'
    'HTTP_CONNECTION' => 'keep-alive'
    'HTTP_SEC_CH_UA' => '\"Microsoft Edge\";v=\"137\", \"Chromium\";v=\"137\", \"Not/A)Brand\";v=\"24\"'
    'HTTP_SEC_CH_UA_MOBILE' => '?0'
    'HTTP_SEC_CH_UA_PLATFORM' => '\"Windows\"'
    'HTTP_DNT' => '1'
    'HTTP_UPGRADE_INSECURE_REQUESTS' => '1'
    'HTTP_USER_AGENT' => 'Mozilla/5.0 (Windows NT 10.0; Win64; x64) AppleWebKit/537.36 (KHTML, like Gecko) Chrome/137.0.0.0 Safari/537.36 Edg/137.0.0.0'
    'HTTP_ACCEPT' => 'text/html,application/xhtml+xml,application/xml;q=0.9,image/avif,image/webp,image/apng,*/*;q=0.8,application/signed-exchange;v=b3;q=0.7'
    'HTTP_SEC_FETCH_SITE' => 'none'
    'HTTP_SEC_FETCH_MODE' => 'navigate'
    'HTTP_SEC_FETCH_USER' => '?1'
    'HTTP_SEC_FETCH_DEST' => 'document'
    'HTTP_ACCEPT_ENCODING' => 'gzip, deflate, br, zstd'
    'HTTP_ACCEPT_LANGUAGE' => 'en-US,en;q=0.9,ar;q=0.8'
    'HTTP_COOKIE' => 'advanced-frontend=sjppiuec34rgsocoo17h8v441b; _identity-frontend=a3ebad04d28fc4fafdaaa407f858d2210cf9c2ec7212f9cc34b6fe7088ca2be8a%3A2%3A%7Bi%3A0%3Bs%3A18%3A%22_identity-frontend%22%3Bi%3A1%3Bs%3A46%3A%22%5B9%2C%227xnLbdW8YypCzF_uA4dUXvzlcLODlx5r%22%2C2592000%5D%22%3B%7D; _csrf-frontend=85270978c9053b9a64fe2b8cbbede56864cb4ebce8b4aabe583b79fc87fbfbd2a%3A2%3A%7Bi%3A0%3Bs%3A14%3A%22_csrf-frontend%22%3Bi%3A1%3Bs%3A32%3A%22oo6rhPec3bZ7brGaVzI5bm8mwWoS14Tx%22%3B%7D'
    'REQUEST_TIME_FLOAT' => 1750689442.4725
    'REQUEST_TIME' => 1750689442
]
2025-06-23 16:37:41 [::1][9][sjppiuec34rgsocoo17h8v441b][error][yii\web\HttpException:404] yii\base\InvalidRouteException: Unable to resolve the request "student/". in C:\xampp\htdocs\university-portal-system\vendor\yiisoft\yii2\base\Module.php:561
Stack trace:
#0 C:\xampp\htdocs\university-portal-system\vendor\yiisoft\yii2\web\Application.php(103): yii\base\Module->runAction('student/', Array)
#1 C:\xampp\htdocs\university-portal-system\vendor\yiisoft\yii2\base\Application.php(384): yii\web\Application->handleRequest(Object(yii\web\Request))
#2 C:\xampp\htdocs\university-portal-system\frontend\web\index.php(18): yii\base\Application->run()
#3 {main}

Next yii\web\NotFoundHttpException: Page not found. in C:\xampp\htdocs\university-portal-system\vendor\yiisoft\yii2\web\Application.php:115
Stack trace:
#0 C:\xampp\htdocs\university-portal-system\vendor\yiisoft\yii2\base\Application.php(384): yii\web\Application->handleRequest(Object(yii\web\Request))
#1 C:\xampp\htdocs\university-portal-system\frontend\web\index.php(18): yii\base\Application->run()
#2 {main}
2025-06-23 16:37:41 [::1][9][sjppiuec34rgsocoo17h8v441b][info][application] $_GET = []

$_POST = []

$_FILES = []

$_COOKIE = [
    'advanced-frontend' => 'sjppiuec34rgsocoo17h8v441b'
    '_identity-frontend' => 'a3ebad04d28fc4fafdaaa407f858d2210cf9c2ec7212f9cc34b6fe7088ca2be8a:2:{i:0;s:18:\"_identity-frontend\";i:1;s:46:\"[9,\"7xnLbdW8YypCzF_uA4dUXvzlcLODlx5r\",2592000]\";}'
    '_csrf-frontend' => '85270978c9053b9a64fe2b8cbbede56864cb4ebce8b4aabe583b79fc87fbfbd2a:2:{i:0;s:14:\"_csrf-frontend\";i:1;s:32:\"oo6rhPec3bZ7brGaVzI5bm8mwWoS14Tx\";}'
]

$_SESSION = [
    '__flash' => []
    '__id' => 9
    '__authKey' => '7xnLbdW8YypCzF_uA4dUXvzlcLODlx5r'
]

$_SERVER = [
    'DOCUMENT_ROOT' => 'C:\\xampp\\htdocs\\university-portal-system\\frontend\\web'
    'REMOTE_ADDR' => '::1'
    'REMOTE_PORT' => '63089'
    'SERVER_SOFTWARE' => 'PHP 8.2.12 Development Server'
    'SERVER_PROTOCOL' => 'HTTP/1.1'
    'SERVER_NAME' => 'localhost'
    'SERVER_PORT' => '8080'
    'REQUEST_URI' => '/student/'
    'REQUEST_METHOD' => 'GET'
    'SCRIPT_NAME' => '/index.php'
    'SCRIPT_FILENAME' => 'C:\\xampp\\htdocs\\university-portal-system\\frontend\\web\\index.php'
    'PATH_INFO' => '/student/'
    'PHP_SELF' => '/index.php/student/'
    'HTTP_HOST' => 'localhost:8080'
    'HTTP_CONNECTION' => 'keep-alive'
    'HTTP_SEC_CH_UA' => '\"Microsoft Edge\";v=\"137\", \"Chromium\";v=\"137\", \"Not/A)Brand\";v=\"24\"'
    'HTTP_SEC_CH_UA_MOBILE' => '?0'
    'HTTP_SEC_CH_UA_PLATFORM' => '\"Windows\"'
    'HTTP_DNT' => '1'
    'HTTP_UPGRADE_INSECURE_REQUESTS' => '1'
    'HTTP_USER_AGENT' => 'Mozilla/5.0 (Windows NT 10.0; Win64; x64) AppleWebKit/537.36 (KHTML, like Gecko) Chrome/137.0.0.0 Safari/537.36 Edg/137.0.0.0'
    'HTTP_ACCEPT' => 'text/html,application/xhtml+xml,application/xml;q=0.9,image/avif,image/webp,image/apng,*/*;q=0.8,application/signed-exchange;v=b3;q=0.7'
    'HTTP_SEC_FETCH_SITE' => 'none'
    'HTTP_SEC_FETCH_MODE' => 'navigate'
    'HTTP_SEC_FETCH_USER' => '?1'
    'HTTP_SEC_FETCH_DEST' => 'document'
    'HTTP_ACCEPT_ENCODING' => 'gzip, deflate, br, zstd'
    'HTTP_ACCEPT_LANGUAGE' => 'en-US,en;q=0.9,ar;q=0.8'
    'HTTP_COOKIE' => 'advanced-frontend=sjppiuec34rgsocoo17h8v441b; _identity-frontend=a3ebad04d28fc4fafdaaa407f858d2210cf9c2ec7212f9cc34b6fe7088ca2be8a%3A2%3A%7Bi%3A0%3Bs%3A18%3A%22_identity-frontend%22%3Bi%3A1%3Bs%3A46%3A%22%5B9%2C%227xnLbdW8YypCzF_uA4dUXvzlcLODlx5r%22%2C2592000%5D%22%3B%7D; _csrf-frontend=85270978c9053b9a64fe2b8cbbede56864cb4ebce8b4aabe583b79fc87fbfbd2a%3A2%3A%7Bi%3A0%3Bs%3A14%3A%22_csrf-frontend%22%3Bi%3A1%3Bs%3A32%3A%22oo6rhPec3bZ7brGaVzI5bm8mwWoS14Tx%22%3B%7D'
    'REQUEST_TIME_FLOAT' => 1750689461.2177
    'REQUEST_TIME' => 1750689461
]
2025-06-23 17:00:56 [::1][10][86b40lginlsk34p98kuknu94q2][error][yii\web\HttpException:404] yii\base\InvalidRouteException: Unable to resolve the request "teacher/index". in C:\xampp\htdocs\university-portal-system\vendor\yiisoft\yii2\base\Module.php:561
Stack trace:
#0 C:\xampp\htdocs\university-portal-system\vendor\yiisoft\yii2\web\Application.php(103): yii\base\Module->runAction('teacher/index', Array)
#1 C:\xampp\htdocs\university-portal-system\vendor\yiisoft\yii2\base\Application.php(384): yii\web\Application->handleRequest(Object(yii\web\Request))
#2 C:\xampp\htdocs\university-portal-system\frontend\web\index.php(18): yii\base\Application->run()
#3 {main}

Next yii\web\NotFoundHttpException: Page not found. in C:\xampp\htdocs\university-portal-system\vendor\yiisoft\yii2\web\Application.php:115
Stack trace:
#0 C:\xampp\htdocs\university-portal-system\vendor\yiisoft\yii2\base\Application.php(384): yii\web\Application->handleRequest(Object(yii\web\Request))
#1 C:\xampp\htdocs\university-portal-system\frontend\web\index.php(18): yii\base\Application->run()
#2 {main}
2025-06-23 17:00:56 [::1][10][86b40lginlsk34p98kuknu94q2][info][application] $_GET = []

$_POST = []

$_FILES = []

$_COOKIE = [
    'advanced-frontend' => '86b40lginlsk34p98kuknu94q2'
    '_identity-frontend' => 'b32621429dc66346b49c56755f9d2abab6867bccb5be01913e330bad43971fd2a:2:{i:0;s:18:\"_identity-frontend\";i:1;s:47:\"[10,\"LkYAQgvb7w1Hw7KWkRs5IZGgH_AqFyv6\",2592000]\";}'
    '_csrf-frontend' => '1660cfe4008a24aeadcb38370f3679cfcc285dda16b980ad72d94295e28bd554a:2:{i:0;s:14:\"_csrf-frontend\";i:1;s:32:\"K00YAcgEv6lyDEb1algILUfuKpugcOrB\";}'
]

$_SESSION = [
    '__flash' => []
    '__id' => 10
    '__authKey' => 'LkYAQgvb7w1Hw7KWkRs5IZGgH_AqFyv6'
]

$_SERVER = [
    'DOCUMENT_ROOT' => 'C:\\xampp\\htdocs\\university-portal-system\\frontend\\web'
    'REMOTE_ADDR' => '::1'
    'REMOTE_PORT' => '63349'
    'SERVER_SOFTWARE' => 'PHP 8.2.12 Development Server'
    'SERVER_PROTOCOL' => 'HTTP/1.1'
    'SERVER_NAME' => 'localhost'
    'SERVER_PORT' => '8080'
    'REQUEST_URI' => '/teacher/index'
    'REQUEST_METHOD' => 'GET'
    'SCRIPT_NAME' => '/index.php'
    'SCRIPT_FILENAME' => 'C:\\xampp\\htdocs\\university-portal-system\\frontend\\web\\index.php'
    'PATH_INFO' => '/teacher/index'
    'PHP_SELF' => '/index.php/teacher/index'
    'HTTP_HOST' => 'localhost:8080'
    'HTTP_CONNECTION' => 'keep-alive'
    'HTTP_SEC_CH_UA' => '\"Microsoft Edge\";v=\"137\", \"Chromium\";v=\"137\", \"Not/A)Brand\";v=\"24\"'
    'HTTP_SEC_CH_UA_MOBILE' => '?0'
    'HTTP_SEC_CH_UA_PLATFORM' => '\"Windows\"'
    'HTTP_DNT' => '1'
    'HTTP_UPGRADE_INSECURE_REQUESTS' => '1'
    'HTTP_USER_AGENT' => 'Mozilla/5.0 (Windows NT 10.0; Win64; x64) AppleWebKit/537.36 (KHTML, like Gecko) Chrome/137.0.0.0 Safari/537.36 Edg/137.0.0.0'
    'HTTP_ACCEPT' => 'text/html,application/xhtml+xml,application/xml;q=0.9,image/avif,image/webp,image/apng,*/*;q=0.8,application/signed-exchange;v=b3;q=0.7'
    'HTTP_SEC_FETCH_SITE' => 'none'
    'HTTP_SEC_FETCH_MODE' => 'navigate'
    'HTTP_SEC_FETCH_USER' => '?1'
    'HTTP_SEC_FETCH_DEST' => 'document'
    'HTTP_ACCEPT_ENCODING' => 'gzip, deflate, br, zstd'
    'HTTP_ACCEPT_LANGUAGE' => 'en-US,en;q=0.9,ar;q=0.8'
    'HTTP_COOKIE' => 'advanced-frontend=86b40lginlsk34p98kuknu94q2; _identity-frontend=b32621429dc66346b49c56755f9d2abab6867bccb5be01913e330bad43971fd2a%3A2%3A%7Bi%3A0%3Bs%3A18%3A%22_identity-frontend%22%3Bi%3A1%3Bs%3A47%3A%22%5B10%2C%22LkYAQgvb7w1Hw7KWkRs5IZGgH_AqFyv6%22%2C2592000%5D%22%3B%7D; _csrf-frontend=1660cfe4008a24aeadcb38370f3679cfcc285dda16b980ad72d94295e28bd554a%3A2%3A%7Bi%3A0%3Bs%3A14%3A%22_csrf-frontend%22%3Bi%3A1%3Bs%3A32%3A%22K00YAcgEv6lyDEb1algILUfuKpugcOrB%22%3B%7D'
    'REQUEST_TIME_FLOAT' => 1750690856.4971
    'REQUEST_TIME' => 1750690856
]
2025-07-01 13:23:29 [::1][-][blt13qk2ohbp6eaq9l0rrcmk20][error][yii\web\HttpException:404] yii\base\InvalidRouteException: Unable to resolve the request "users". in C:\xampp\htdocs\university-portal-system\vendor\yiisoft\yii2\base\Module.php:561
Stack trace:
#0 C:\xampp\htdocs\university-portal-system\vendor\yiisoft\yii2\web\Application.php(103): yii\base\Module->runAction('users', Array)
#1 C:\xampp\htdocs\university-portal-system\vendor\yiisoft\yii2\base\Application.php(384): yii\web\Application->handleRequest(Object(yii\web\Request))
#2 C:\xampp\htdocs\university-portal-system\frontend\web\index.php(18): yii\base\Application->run()
#3 {main}

Next yii\web\NotFoundHttpException: Page not found. in C:\xampp\htdocs\university-portal-system\vendor\yiisoft\yii2\web\Application.php:115
Stack trace:
#0 C:\xampp\htdocs\university-portal-system\vendor\yiisoft\yii2\base\Application.php(384): yii\web\Application->handleRequest(Object(yii\web\Request))
#1 C:\xampp\htdocs\university-portal-system\frontend\web\index.php(18): yii\base\Application->run()
#2 {main}
2025-07-01 13:23:24 [::1][-][blt13qk2ohbp6eaq9l0rrcmk20][info][application] $_GET = []

$_POST = []

$_FILES = []

$_COOKIE = []

$_SESSION = [
    '__flash' => []
]

$_SERVER = [
    'REDIRECT_MIBDIRS' => 'C:/xampp/php/extras/mibs'
    'REDIRECT_MYSQL_HOME' => '\\xampp\\mysql\\bin'
    'REDIRECT_OPENSSL_CONF' => 'C:/xampp/apache/bin/openssl.cnf'
    'REDIRECT_PHP_PEAR_SYSCONF_DIR' => '\\xampp\\php'
    'REDIRECT_PHPRC' => '\\xampp\\php'
    'REDIRECT_TMP' => '\\xampp\\tmp'
    'REDIRECT_STATUS' => '200'
    'MIBDIRS' => 'C:/xampp/php/extras/mibs'
    'MYSQL_HOME' => '\\xampp\\mysql\\bin'
    'OPENSSL_CONF' => 'C:/xampp/apache/bin/openssl.cnf'
    'PHP_PEAR_SYSCONF_DIR' => '\\xampp\\php'
    'PHPRC' => '\\xampp\\php'
    'TMP' => '\\xampp\\tmp'
    'CONTENT_TYPE' => 'application/json'
    'HTTP_USER_AGENT' => 'PostmanRuntime/7.44.1'
    'HTTP_ACCEPT' => '*/*'
    'HTTP_POSTMAN_TOKEN' => '8aee0b70-7a59-45dc-b7d0-6bc48c258a07'
    'HTTP_HOST' => 'frontend.university.localhost'
    'HTTP_ACCEPT_ENCODING' => 'gzip, deflate, br'
    'HTTP_CONNECTION' => 'keep-alive'
    'PATH' => 'C:\\Program Files\\ImageMagick-7.1.1-Q16-HDRI;C:\\PYTHON312\\;C:\\Windows\\SYSTEM32;C:\\Windows;C:\\Windows\\SYSTEM32\\WBEM;C:\\Windows\\SYSTEM32\\WINDOWSPOWERSHELL\\V1.0\\;C:\\Windows\\SYSTEM32\\OPENSSH\\;C:\\PROGRAMDATA\\CHOCOLATEY\\BIN;C:\\XAMPP\\PHP;C:\\COMPOSER;C:\\PROGRAM FILES\\DOTNET\\;C:\\PROGRAM FILES\\GIT\\CMD;C:\\laragon\\bin\\php;C:\\Program Files\\Microsoft VS Code\\bin;C:\\Program Files (x86)\\Microsoft SQL Server\\160\\Tools\\Binn\\;C:\\Program Files\\Microsoft SQL Server\\160\\Tools\\Binn\\;C:\\Program Files\\Microsoft SQL Server\\Client SDK\\ODBC\\170\\Tools\\Binn\\;C:\\Program Files\\Microsoft SQL Server\\160\\DTS\\Binn\\;C:\\Program Files (x86)\\Microsoft SQL Server\\160\\DTS\\Binn\\;C:\\Program Files\\Git\\cmd;C:\\Program Files\\nodejs\\;C:\\Users\\Mahmo\\AppData\\Local\\Microsoft\\WindowsApps;C:\\Users\\Mahmo\\AppData\\Roaming\\Composer\\vendor\\bin;C:\\Users\\Mahmo\\AppData\\Local\\Programs\\Microsoft VS Code\\bin;C:\\Users\\Mahmo\\.dotnet\\tools;C:\\Users\\Mahmo\\AppData\\Roaming\\npm'
    'SystemRoot' => 'C:\\Windows'
    'COMSPEC' => 'C:\\Windows\\system32\\cmd.exe'
    'PATHEXT' => '.COM;.EXE;.BAT;.CMD;.VBS;.VBE;.JS;.JSE;.WSF;.WSH;.MSC;.PY;.PYW'
    'WINDIR' => 'C:\\Windows'
    'SERVER_SIGNATURE' => '<address>Apache/2.4.58 (Win64) OpenSSL/3.1.3 PHP/8.2.12 Server at frontend.university.localhost Port 80</address>
'
    'SERVER_SOFTWARE' => 'Apache/2.4.58 (Win64) OpenSSL/3.1.3 PHP/8.2.12'
    'SERVER_NAME' => 'frontend.university.localhost'
    'SERVER_ADDR' => '::1'
    'SERVER_PORT' => '80'
    'REMOTE_ADDR' => '::1'
    'DOCUMENT_ROOT' => 'C:/xampp/htdocs/university-portal-system/frontend/web'
    'REQUEST_SCHEME' => 'http'
    'CONTEXT_PREFIX' => ''
    'CONTEXT_DOCUMENT_ROOT' => 'C:/xampp/htdocs/university-portal-system/frontend/web'
    'SERVER_ADMIN' => 'postmaster@localhost'
    'SCRIPT_FILENAME' => 'C:/xampp/htdocs/university-portal-system/frontend/web/index.php'
    'REMOTE_PORT' => '61775'
    'REDIRECT_URL' => '/users'
    'GATEWAY_INTERFACE' => 'CGI/1.1'
    'SERVER_PROTOCOL' => 'HTTP/1.1'
    'REQUEST_METHOD' => 'GET'
    'QUERY_STRING' => ''
    'REQUEST_URI' => '/users'
    'SCRIPT_NAME' => '/index.php'
    'PHP_SELF' => '/index.php'
    'REQUEST_TIME_FLOAT' => 1751369002.7144
    'REQUEST_TIME' => 1751369002
]
2025-07-01 13:23:54 [::1][-][blt13qk2ohbp6eaq9l0rrcmk20][error][yii\web\HttpException:404] yii\base\InvalidRouteException: Unable to resolve the request "users". in C:\xampp\htdocs\university-portal-system\vendor\yiisoft\yii2\base\Module.php:561
Stack trace:
#0 C:\xampp\htdocs\university-portal-system\vendor\yiisoft\yii2\web\Application.php(103): yii\base\Module->runAction('users', Array)
#1 C:\xampp\htdocs\university-portal-system\vendor\yiisoft\yii2\base\Application.php(384): yii\web\Application->handleRequest(Object(yii\web\Request))
#2 C:\xampp\htdocs\university-portal-system\frontend\web\index.php(18): yii\base\Application->run()
#3 {main}

Next yii\web\NotFoundHttpException: Page not found. in C:\xampp\htdocs\university-portal-system\vendor\yiisoft\yii2\web\Application.php:115
Stack trace:
#0 C:\xampp\htdocs\university-portal-system\vendor\yiisoft\yii2\base\Application.php(384): yii\web\Application->handleRequest(Object(yii\web\Request))
#1 C:\xampp\htdocs\university-portal-system\frontend\web\index.php(18): yii\base\Application->run()
#2 {main}
2025-07-01 13:23:54 [::1][-][blt13qk2ohbp6eaq9l0rrcmk20][info][application] $_GET = []

$_POST = []

$_FILES = []

$_COOKIE = [
    '_csrf-frontend' => '456a9ba2b989bb62457286d0481992e117b2c3c19384c20566d42f961d309db7a:2:{i:0;s:14:\"_csrf-frontend\";i:1;s:32:\"lrsri8dqTGdt2fFmxpDRpzVpwzTAPENx\";}'
    'advanced-frontend' => 'blt13qk2ohbp6eaq9l0rrcmk20'
]

$_SESSION = [
    '__flash' => []
]

$_SERVER = [
    'REDIRECT_MIBDIRS' => 'C:/xampp/php/extras/mibs'
    'REDIRECT_MYSQL_HOME' => '\\xampp\\mysql\\bin'
    'REDIRECT_OPENSSL_CONF' => 'C:/xampp/apache/bin/openssl.cnf'
    'REDIRECT_PHP_PEAR_SYSCONF_DIR' => '\\xampp\\php'
    'REDIRECT_PHPRC' => '\\xampp\\php'
    'REDIRECT_TMP' => '\\xampp\\tmp'
    'REDIRECT_STATUS' => '200'
    'MIBDIRS' => 'C:/xampp/php/extras/mibs'
    'MYSQL_HOME' => '\\xampp\\mysql\\bin'
    'OPENSSL_CONF' => 'C:/xampp/apache/bin/openssl.cnf'
    'PHP_PEAR_SYSCONF_DIR' => '\\xampp\\php'
    'PHPRC' => '\\xampp\\php'
    'TMP' => '\\xampp\\tmp'
    'CONTENT_TYPE' => 'application/json'
    'HTTP_USER_AGENT' => 'PostmanRuntime/7.44.1'
    'HTTP_ACCEPT' => '*/*'
    'HTTP_POSTMAN_TOKEN' => 'eca1b683-0b27-4dbe-8277-6835ade1c4b1'
    'HTTP_HOST' => 'frontend.university.localhost'
    'HTTP_ACCEPT_ENCODING' => 'gzip, deflate, br'
    'HTTP_CONNECTION' => 'keep-alive'
    'HTTP_COOKIE' => '_csrf-frontend=456a9ba2b989bb62457286d0481992e117b2c3c19384c20566d42f961d309db7a%3A2%3A%7Bi%3A0%3Bs%3A14%3A%22_csrf-frontend%22%3Bi%3A1%3Bs%3A32%3A%22lrsri8dqTGdt2fFmxpDRpzVpwzTAPENx%22%3B%7D; advanced-frontend=blt13qk2ohbp6eaq9l0rrcmk20'
    'PATH' => 'C:\\Program Files\\ImageMagick-7.1.1-Q16-HDRI;C:\\PYTHON312\\;C:\\Windows\\SYSTEM32;C:\\Windows;C:\\Windows\\SYSTEM32\\WBEM;C:\\Windows\\SYSTEM32\\WINDOWSPOWERSHELL\\V1.0\\;C:\\Windows\\SYSTEM32\\OPENSSH\\;C:\\PROGRAMDATA\\CHOCOLATEY\\BIN;C:\\XAMPP\\PHP;C:\\COMPOSER;C:\\PROGRAM FILES\\DOTNET\\;C:\\PROGRAM FILES\\GIT\\CMD;C:\\laragon\\bin\\php;C:\\Program Files\\Microsoft VS Code\\bin;C:\\Program Files (x86)\\Microsoft SQL Server\\160\\Tools\\Binn\\;C:\\Program Files\\Microsoft SQL Server\\160\\Tools\\Binn\\;C:\\Program Files\\Microsoft SQL Server\\Client SDK\\ODBC\\170\\Tools\\Binn\\;C:\\Program Files\\Microsoft SQL Server\\160\\DTS\\Binn\\;C:\\Program Files (x86)\\Microsoft SQL Server\\160\\DTS\\Binn\\;C:\\Program Files\\Git\\cmd;C:\\Program Files\\nodejs\\;C:\\Users\\Mahmo\\AppData\\Local\\Microsoft\\WindowsApps;C:\\Users\\Mahmo\\AppData\\Roaming\\Composer\\vendor\\bin;C:\\Users\\Mahmo\\AppData\\Local\\Programs\\Microsoft VS Code\\bin;C:\\Users\\Mahmo\\.dotnet\\tools;C:\\Users\\Mahmo\\AppData\\Roaming\\npm'
    'SystemRoot' => 'C:\\Windows'
    'COMSPEC' => 'C:\\Windows\\system32\\cmd.exe'
    'PATHEXT' => '.COM;.EXE;.BAT;.CMD;.VBS;.VBE;.JS;.JSE;.WSF;.WSH;.MSC;.PY;.PYW'
    'WINDIR' => 'C:\\Windows'
    'SERVER_SIGNATURE' => '<address>Apache/2.4.58 (Win64) OpenSSL/3.1.3 PHP/8.2.12 Server at frontend.university.localhost Port 80</address>
'
    'SERVER_SOFTWARE' => 'Apache/2.4.58 (Win64) OpenSSL/3.1.3 PHP/8.2.12'
    'SERVER_NAME' => 'frontend.university.localhost'
    'SERVER_ADDR' => '::1'
    'SERVER_PORT' => '80'
    'REMOTE_ADDR' => '::1'
    'DOCUMENT_ROOT' => 'C:/xampp/htdocs/university-portal-system/frontend/web'
    'REQUEST_SCHEME' => 'http'
    'CONTEXT_PREFIX' => ''
    'CONTEXT_DOCUMENT_ROOT' => 'C:/xampp/htdocs/university-portal-system/frontend/web'
    'SERVER_ADMIN' => 'postmaster@localhost'
    'SCRIPT_FILENAME' => 'C:/xampp/htdocs/university-portal-system/frontend/web/index.php'
    'REMOTE_PORT' => '61802'
    'REDIRECT_URL' => '/users'
    'GATEWAY_INTERFACE' => 'CGI/1.1'
    'SERVER_PROTOCOL' => 'HTTP/1.1'
    'REQUEST_METHOD' => 'GET'
    'QUERY_STRING' => ''
    'REQUEST_URI' => '/users'
    'SCRIPT_NAME' => '/index.php'
    'PHP_SELF' => '/index.php'
    'REQUEST_TIME_FLOAT' => 1751369034.8375
    'REQUEST_TIME' => 1751369034
]
2025-07-02 01:01:52 [::1][-][-][error][yii\web\HttpException:404] yii\web\NotFoundHttpException: Page not found. in C:\xampp\htdocs\university-portal-system\vendor\yiisoft\yii2\web\Request.php:331
Stack trace:
#0 C:\xampp\htdocs\university-portal-system\vendor\yiisoft\yii2\web\Application.php(82): yii\web\Request->resolve()
#1 C:\xampp\htdocs\university-portal-system\vendor\yiisoft\yii2\base\Application.php(384): yii\web\Application->handleRequest(Object(yii\web\Request))
#2 C:\xampp\htdocs\university-portal-system\api\web\index.php(18): yii\base\Application->run()
#3 {main}
2025-07-02 01:01:50 [::1][-][-][info][application] $_GET = []

$_POST = []

$_FILES = []

$_COOKIE = []

$_SERVER = [
    'DOCUMENT_ROOT' => 'C:\\xampp\\htdocs\\university-portal-system\\api\\web'
    'REMOTE_ADDR' => '::1'
    'REMOTE_PORT' => '49270'
    'SERVER_SOFTWARE' => 'PHP 8.2.12 Development Server'
    'SERVER_PROTOCOL' => 'HTTP/1.1'
    'SERVER_NAME' => 'localhost'
    'SERVER_PORT' => '8080'
    'REQUEST_URI' => '/'
    'REQUEST_METHOD' => 'GET'
    'SCRIPT_NAME' => '/index.php'
    'SCRIPT_FILENAME' => 'C:\\xampp\\htdocs\\university-portal-system\\api\\web\\index.php'
    'PHP_SELF' => '/index.php'
    'HTTP_HOST' => 'localhost:8080'
    'HTTP_CONNECTION' => 'keep-alive'
    'HTTP_SEC_CH_UA' => '\"Not)A;Brand\";v=\"8\", \"Chromium\";v=\"138\", \"Microsoft Edge\";v=\"138\"'
    'HTTP_SEC_CH_UA_MOBILE' => '?0'
    'HTTP_SEC_CH_UA_PLATFORM' => '\"Windows\"'
    'HTTP_DNT' => '1'
    'HTTP_UPGRADE_INSECURE_REQUESTS' => '1'
    'HTTP_USER_AGENT' => 'Mozilla/5.0 (Windows NT 10.0; Win64; x64) AppleWebKit/537.36 (KHTML, like Gecko) Chrome/138.0.0.0 Safari/537.36 Edg/138.0.0.0'
    'HTTP_ACCEPT' => 'text/html,application/xhtml+xml,application/xml;q=0.9,image/avif,image/webp,image/apng,*/*;q=0.8,application/signed-exchange;v=b3;q=0.7'
    'HTTP_SEC_FETCH_SITE' => 'none'
    'HTTP_SEC_FETCH_MODE' => 'navigate'
    'HTTP_SEC_FETCH_USER' => '?1'
    'HTTP_SEC_FETCH_DEST' => 'document'
    'HTTP_ACCEPT_ENCODING' => 'gzip, deflate, br, zstd'
    'HTTP_ACCEPT_LANGUAGE' => 'en-US,en;q=0.9,ar;q=0.8'
    'REQUEST_TIME_FLOAT' => 1751407309.0775
    'REQUEST_TIME' => 1751407309
]
2025-07-02 01:04:09 [::1][-][-][error][yii\db\Exception] PDOException: SQLSTATE[HY000] [2002] No connection could be made because the target machine actively refused it in C:\xampp\htdocs\university-portal-system\vendor\yiisoft\yii2\db\Connection.php:722
Stack trace:
#0 C:\xampp\htdocs\university-portal-system\vendor\yiisoft\yii2\db\Connection.php(722): PDO->__construct('mysql:host=loca...', 'root', Object(SensitiveParameterValue), NULL)
#1 C:\xampp\htdocs\university-portal-system\vendor\yiisoft\yii2\db\Connection.php(637): yii\db\Connection->createPdoInstance()
#2 C:\xampp\htdocs\university-portal-system\vendor\yiisoft\yii2\db\Connection.php(1067): yii\db\Connection->open()
#3 C:\xampp\htdocs\university-portal-system\vendor\yiisoft\yii2\db\Connection.php(1054): yii\db\Connection->getMasterPdo()
#4 C:\xampp\htdocs\university-portal-system\vendor\yiisoft\yii2\db\Command.php(261): yii\db\Connection->getSlavePdo(true)
#5 C:\xampp\htdocs\university-portal-system\vendor\yiisoft\yii2\db\Command.php(1181): yii\db\Command->prepare(true)
#6 C:\xampp\htdocs\university-portal-system\vendor\yiisoft\yii2\db\Command.php(417): yii\db\Command->queryInternal('fetchAll', NULL)
#7 C:\xampp\htdocs\university-portal-system\vendor\yiisoft\yii2\db\mysql\Schema.php(366): yii\db\Command->queryAll()
#8 C:\xampp\htdocs\university-portal-system\vendor\yiisoft\yii2\db\mysql\Schema.php(134): yii\db\mysql\Schema->findColumns(Object(yii\db\TableSchema))
#9 C:\xampp\htdocs\university-portal-system\vendor\yiisoft\yii2\db\Schema.php(756): yii\db\mysql\Schema->loadTableSchema('user')
#10 C:\xampp\htdocs\university-portal-system\vendor\yiisoft\yii2\db\Schema.php(192): yii\db\Schema->getTableMetadata('{{%user}}', 'schema', false)
#11 C:\xampp\htdocs\university-portal-system\vendor\yiisoft\yii2\db\ActiveRecord.php(439): yii\db\Schema->getTableSchema('{{%user}}')
#12 C:\xampp\htdocs\university-portal-system\vendor\yiisoft\yii2\db\ActiveRecord.php(473): yii\db\ActiveRecord::getTableSchema()
#13 C:\xampp\htdocs\university-portal-system\vendor\yiisoft\yii2\data\ActiveDataProvider.php(182): yii\db\ActiveRecord->attributes()
#14 C:\xampp\htdocs\university-portal-system\vendor\yiisoft\yii2\base\Component.php(180): yii\data\ActiveDataProvider->setSort(Array)
#15 C:\xampp\htdocs\university-portal-system\vendor\yiisoft\yii2\BaseYii.php(557): yii\base\Component->__set('sort', Array)
#16 C:\xampp\htdocs\university-portal-system\vendor\yiisoft\yii2\base\BaseObject.php(107): yii\BaseYii::configure(Object(yii\data\ActiveDataProvider), Array)
#17 [internal function]: yii\base\BaseObject->__construct(Array)
#18 C:\xampp\htdocs\university-portal-system\vendor\yiisoft\yii2\di\Container.php(419): ReflectionClass->newInstanceArgs(Array)
#19 C:\xampp\htdocs\university-portal-system\vendor\yiisoft\yii2\di\Container.php(170): yii\di\Container->build('yii\\data\\Active...', Array, Array)
#20 C:\xampp\htdocs\university-portal-system\vendor\yiisoft\yii2\BaseYii.php(365): yii\di\Container->get('yii\\data\\Active...', Array, Array)
#21 C:\xampp\htdocs\university-portal-system\vendor\yiisoft\yii2\rest\IndexAction.php(185): yii\BaseYii::createObject(Array)
#22 C:\xampp\htdocs\university-portal-system\vendor\yiisoft\yii2\rest\IndexAction.php(117): yii\rest\IndexAction->prepareDataProvider()
#23 [internal function]: yii\rest\IndexAction->run()
#24 C:\xampp\htdocs\university-portal-system\vendor\yiisoft\yii2\base\Action.php(93): call_user_func_array(Array, Array)
#25 C:\xampp\htdocs\university-portal-system\vendor\yiisoft\yii2\base\Controller.php(178): yii\base\Action->runWithParams(Array)
#26 C:\xampp\htdocs\university-portal-system\vendor\yiisoft\yii2\base\Module.php(552): yii\base\Controller->runAction('index', Array)
#27 C:\xampp\htdocs\university-portal-system\vendor\yiisoft\yii2\web\Application.php(103): yii\base\Module->runAction('user/index', Array)
#28 C:\xampp\htdocs\university-portal-system\vendor\yiisoft\yii2\base\Application.php(384): yii\web\Application->handleRequest(Object(yii\web\Request))
#29 C:\xampp\htdocs\university-portal-system\api\web\index.php(18): yii\base\Application->run()
#30 {main}

Next yii\db\Exception: SQLSTATE[HY000] [2002] No connection could be made because the target machine actively refused it in C:\xampp\htdocs\university-portal-system\vendor\yiisoft\yii2\db\Connection.php:648
Stack trace:
#0 C:\xampp\htdocs\university-portal-system\vendor\yiisoft\yii2\db\Connection.php(1067): yii\db\Connection->open()
#1 C:\xampp\htdocs\university-portal-system\vendor\yiisoft\yii2\db\Connection.php(1054): yii\db\Connection->getMasterPdo()
#2 C:\xampp\htdocs\university-portal-system\vendor\yiisoft\yii2\db\Command.php(261): yii\db\Connection->getSlavePdo(true)
#3 C:\xampp\htdocs\university-portal-system\vendor\yiisoft\yii2\db\Command.php(1181): yii\db\Command->prepare(true)
#4 C:\xampp\htdocs\university-portal-system\vendor\yiisoft\yii2\db\Command.php(417): yii\db\Command->queryInternal('fetchAll', NULL)
#5 C:\xampp\htdocs\university-portal-system\vendor\yiisoft\yii2\db\mysql\Schema.php(366): yii\db\Command->queryAll()
#6 C:\xampp\htdocs\university-portal-system\vendor\yiisoft\yii2\db\mysql\Schema.php(134): yii\db\mysql\Schema->findColumns(Object(yii\db\TableSchema))
#7 C:\xampp\htdocs\university-portal-system\vendor\yiisoft\yii2\db\Schema.php(756): yii\db\mysql\Schema->loadTableSchema('user')
#8 C:\xampp\htdocs\university-portal-system\vendor\yiisoft\yii2\db\Schema.php(192): yii\db\Schema->getTableMetadata('{{%user}}', 'schema', false)
#9 C:\xampp\htdocs\university-portal-system\vendor\yiisoft\yii2\db\ActiveRecord.php(439): yii\db\Schema->getTableSchema('{{%user}}')
#10 C:\xampp\htdocs\university-portal-system\vendor\yiisoft\yii2\db\ActiveRecord.php(473): yii\db\ActiveRecord::getTableSchema()
#11 C:\xampp\htdocs\university-portal-system\vendor\yiisoft\yii2\data\ActiveDataProvider.php(182): yii\db\ActiveRecord->attributes()
#12 C:\xampp\htdocs\university-portal-system\vendor\yiisoft\yii2\base\Component.php(180): yii\data\ActiveDataProvider->setSort(Array)
#13 C:\xampp\htdocs\university-portal-system\vendor\yiisoft\yii2\BaseYii.php(557): yii\base\Component->__set('sort', Array)
#14 C:\xampp\htdocs\university-portal-system\vendor\yiisoft\yii2\base\BaseObject.php(107): yii\BaseYii::configure(Object(yii\data\ActiveDataProvider), Array)
#15 [internal function]: yii\base\BaseObject->__construct(Array)
#16 C:\xampp\htdocs\university-portal-system\vendor\yiisoft\yii2\di\Container.php(419): ReflectionClass->newInstanceArgs(Array)
#17 C:\xampp\htdocs\university-portal-system\vendor\yiisoft\yii2\di\Container.php(170): yii\di\Container->build('yii\\data\\Active...', Array, Array)
#18 C:\xampp\htdocs\university-portal-system\vendor\yiisoft\yii2\BaseYii.php(365): yii\di\Container->get('yii\\data\\Active...', Array, Array)
#19 C:\xampp\htdocs\university-portal-system\vendor\yiisoft\yii2\rest\IndexAction.php(185): yii\BaseYii::createObject(Array)
#20 C:\xampp\htdocs\university-portal-system\vendor\yiisoft\yii2\rest\IndexAction.php(117): yii\rest\IndexAction->prepareDataProvider()
#21 [internal function]: yii\rest\IndexAction->run()
#22 C:\xampp\htdocs\university-portal-system\vendor\yiisoft\yii2\base\Action.php(93): call_user_func_array(Array, Array)
#23 C:\xampp\htdocs\university-portal-system\vendor\yiisoft\yii2\base\Controller.php(178): yii\base\Action->runWithParams(Array)
#24 C:\xampp\htdocs\university-portal-system\vendor\yiisoft\yii2\base\Module.php(552): yii\base\Controller->runAction('index', Array)
#25 C:\xampp\htdocs\university-portal-system\vendor\yiisoft\yii2\web\Application.php(103): yii\base\Module->runAction('user/index', Array)
#26 C:\xampp\htdocs\university-portal-system\vendor\yiisoft\yii2\base\Application.php(384): yii\web\Application->handleRequest(Object(yii\web\Request))
#27 C:\xampp\htdocs\university-portal-system\api\web\index.php(18): yii\base\Application->run()
#28 {main}
Additional Information:
Array
(
    [0] => HY000
    [1] => 2002
    [2] => No connection could be made because the target machine actively refused it
)

2025-07-02 01:04:04 [::1][-][-][info][application] $_GET = []

$_POST = []

$_FILES = []

$_COOKIE = []

$_SERVER = [
    'DOCUMENT_ROOT' => 'C:\\xampp\\htdocs\\university-portal-system\\api\\web'
    'REMOTE_ADDR' => '::1'
    'REMOTE_PORT' => '49332'
    'SERVER_SOFTWARE' => 'PHP 8.2.12 Development Server'
    'SERVER_PROTOCOL' => 'HTTP/1.1'
    'SERVER_NAME' => 'localhost'
    'SERVER_PORT' => '8080'
    'REQUEST_URI' => '/user'
    'REQUEST_METHOD' => 'GET'
    'SCRIPT_NAME' => '/index.php'
    'SCRIPT_FILENAME' => 'C:\\xampp\\htdocs\\university-portal-system\\api\\web\\index.php'
    'PATH_INFO' => '/user'
    'PHP_SELF' => '/index.php/user'
    'HTTP_HOST' => 'localhost:8080'
    'HTTP_CONNECTION' => 'keep-alive'
    'HTTP_SEC_CH_UA' => '\"Not)A;Brand\";v=\"8\", \"Chromium\";v=\"138\", \"Microsoft Edge\";v=\"138\"'
    'HTTP_SEC_CH_UA_MOBILE' => '?0'
    'HTTP_SEC_CH_UA_PLATFORM' => '\"Windows\"'
    'HTTP_DNT' => '1'
    'HTTP_UPGRADE_INSECURE_REQUESTS' => '1'
    'HTTP_USER_AGENT' => 'Mozilla/5.0 (Windows NT 10.0; Win64; x64) AppleWebKit/537.36 (KHTML, like Gecko) Chrome/138.0.0.0 Safari/537.36 Edg/138.0.0.0'
    'HTTP_ACCEPT' => 'text/html,application/xhtml+xml,application/xml;q=0.9,image/avif,image/webp,image/apng,*/*;q=0.8,application/signed-exchange;v=b3;q=0.7'
    'HTTP_SEC_FETCH_SITE' => 'none'
    'HTTP_SEC_FETCH_MODE' => 'navigate'
    'HTTP_SEC_FETCH_USER' => '?1'
    'HTTP_SEC_FETCH_DEST' => 'document'
    'HTTP_ACCEPT_ENCODING' => 'gzip, deflate, br, zstd'
    'HTTP_ACCEPT_LANGUAGE' => 'en-US,en;q=0.9,ar;q=0.8'
    'REQUEST_TIME_FLOAT' => 1751407444.688
    'REQUEST_TIME' => 1751407444
]
2025-07-02 01:07:11 [::1][-][-][error][Error] Error: Class "api\controllers\Response" not found in C:\xampp\htdocs\university-portal-system\api\controllers\UserController.php:16
Stack trace:
#0 C:\xampp\htdocs\university-portal-system\vendor\yiisoft\yii2\base\Component.php(751): api\controllers\UserController->behaviors()
#1 C:\xampp\htdocs\university-portal-system\vendor\yiisoft\yii2\base\Component.php(621): yii\base\Component->ensureBehaviors()
#2 C:\xampp\htdocs\university-portal-system\vendor\yiisoft\yii2\base\Controller.php(297): yii\base\Component->trigger('beforeAction', Object(yii\base\ActionEvent))
#3 C:\xampp\htdocs\university-portal-system\vendor\yiisoft\yii2\web\Controller.php(219): yii\base\Controller->beforeAction(Object(yii\rest\IndexAction))
#4 C:\xampp\htdocs\university-portal-system\vendor\yiisoft\yii2\base\Controller.php(176): yii\web\Controller->beforeAction(Object(yii\rest\IndexAction))
#5 C:\xampp\htdocs\university-portal-system\vendor\yiisoft\yii2\base\Module.php(552): yii\base\Controller->runAction('index', Array)
#6 C:\xampp\htdocs\university-portal-system\vendor\yiisoft\yii2\web\Application.php(103): yii\base\Module->runAction('user/index', Array)
#7 C:\xampp\htdocs\university-portal-system\vendor\yiisoft\yii2\base\Application.php(384): yii\web\Application->handleRequest(Object(yii\web\Request))
#8 C:\xampp\htdocs\university-portal-system\api\web\index.php(18): yii\base\Application->run()
#9 {main}
2025-07-02 01:07:11 [::1][-][-][info][application] $_GET = []

$_POST = []

$_FILES = []

$_COOKIE = []

$_SERVER = [
    'DOCUMENT_ROOT' => 'C:\\xampp\\htdocs\\university-portal-system\\api\\web'
    'REMOTE_ADDR' => '::1'
    'REMOTE_PORT' => '49388'
    'SERVER_SOFTWARE' => 'PHP 8.2.12 Development Server'
    'SERVER_PROTOCOL' => 'HTTP/1.1'
    'SERVER_NAME' => 'localhost'
    'SERVER_PORT' => '8080'
    'REQUEST_URI' => '/user'
    'REQUEST_METHOD' => 'GET'
    'SCRIPT_NAME' => '/index.php'
    'SCRIPT_FILENAME' => 'C:\\xampp\\htdocs\\university-portal-system\\api\\web\\index.php'
    'PATH_INFO' => '/user'
    'PHP_SELF' => '/index.php/user'
    'CONTENT_TYPE' => 'application/json'
    'HTTP_CONTENT_TYPE' => 'application/json'
    'HTTP_USER_AGENT' => 'PostmanRuntime/7.44.1'
    'HTTP_ACCEPT' => '*/*'
    'HTTP_POSTMAN_TOKEN' => '51c7e23c-d76a-4465-9c7f-3147a5cccb92'
    'HTTP_HOST' => 'localhost:8080'
    'HTTP_ACCEPT_ENCODING' => 'gzip, deflate, br'
    'HTTP_CONNECTION' => 'keep-alive'
    'REQUEST_TIME_FLOAT' => 1751407631.7649
    'REQUEST_TIME' => 1751407631
]
